[2020-01-09 13:56:41] local.ERROR: Symfony\Component\Debug\Exception\FatalThrowableError: Class 'App\Http\Controllers\Catalogue' not found in C:\VideosApi\app\Http\Controllers\VideoController.php:30
Stack trace:
#0 [internal function]: App\Http\Controllers\VideoController->views('1')
#1 C:\VideosApi\vendor\illuminate\container\BoundMethod.php(29): call_user_func_array(Array, Array)
#2 C:\VideosApi\vendor\illuminate\container\BoundMethod.php(87): Illuminate\Container\BoundMethod::Illuminate\Container\{closure}()
#3 C:\VideosApi\vendor\illuminate\container\BoundMethod.php(31): Illuminate\Container\BoundMethod::callBoundMethod(Object(Laravel\Lumen\Application), Array, Object(Closure))
#4 C:\VideosApi\vendor\illuminate\container\Container.php(572): Illuminate\Container\BoundMethod::call(Object(Laravel\Lumen\Application), Array, Array, NULL)
#5 C:\VideosApi\vendor\laravel\lumen-framework\src\Concerns\RoutesRequests.php(378): Illuminate\Container\Container->call(Array, Array)
#6 C:\VideosApi\vendor\laravel\lumen-framework\src\Concerns\RoutesRequests.php(344): Laravel\Lumen\Application->callControllerCallable(Array, Array)
#7 C:\VideosApi\vendor\laravel\lumen-framework\src\Concerns\RoutesRequests.php(318): Laravel\Lumen\Application->callLumenController(Object(App\Http\Controllers\VideoController), 'views', Array)
#8 C:\VideosApi\vendor\laravel\lumen-framework\src\Concerns\RoutesRequests.php(280): Laravel\Lumen\Application->callControllerAction(Array)
#9 C:\VideosApi\vendor\laravel\lumen-framework\src\Concerns\RoutesRequests.php(265): Laravel\Lumen\Application->callActionOnArrayBasedRoute(Array)
#10 C:\VideosApi\vendor\laravel\lumen-framework\src\Concerns\RoutesRequests.php(235): Laravel\Lumen\Application->handleFoundRoute(Array)
#11 C:\VideosApi\vendor\laravel\lumen-framework\src\Concerns\RoutesRequests.php(169): Laravel\Lumen\Application->handleDispatcherResponse(Array)
#12 C:\VideosApi\vendor\laravel\lumen-framework\src\Concerns\RoutesRequests.php(418): Laravel\Lumen\Application->Laravel\Lumen\Concerns\{closure}(Object(Laravel\Lumen\Http\Request))
#13 C:\VideosApi\vendor\laravel\lumen-framework\src\Concerns\RoutesRequests.php(171): Laravel\Lumen\Application->sendThroughPipeline(Array, Object(Closure))
#14 C:\VideosApi\vendor\laravel\lumen-framework\src\Concerns\RoutesRequests.php(108): Laravel\Lumen\Application->dispatch(NULL)
#15 C:\VideosApi\public\index.php(28): Laravel\Lumen\Application->run()
#16 {main} {"exception":"[object] (Symfony\\Component\\Debug\\Exception\\FatalThrowableError(code: 0): Class 'App\\Http\\Controllers\\Catalogue' not found at C:\\VideosApi\\app\\Http\\Controllers\\VideoController.php:30)
[stacktrace]
#0 [internal function]: App\\Http\\Controllers\\VideoController->views('1')
#1 C:\\VideosApi\\vendor\\illuminate\\container\\BoundMethod.php(29): call_user_func_array(Array, Array)
#2 C:\\VideosApi\\vendor\\illuminate\\container\\BoundMethod.php(87): Illuminate\\Container\\BoundMethod::Illuminate\\Container\\{closure}()
#3 C:\\VideosApi\\vendor\\illuminate\\container\\BoundMethod.php(31): Illuminate\\Container\\BoundMethod::callBoundMethod(Object(Laravel\\Lumen\\Application), Array, Object(Closure))
#4 C:\\VideosApi\\vendor\\illuminate\\container\\Container.php(572): Illuminate\\Container\\BoundMethod::call(Object(Laravel\\Lumen\\Application), Array, Array, NULL)
#5 C:\\VideosApi\\vendor\\laravel\\lumen-framework\\src\\Concerns\\RoutesRequests.php(378): Illuminate\\Container\\Container->call(Array, Array)
#6 C:\\VideosApi\\vendor\\laravel\\lumen-framework\\src\\Concerns\\RoutesRequests.php(344): Laravel\\Lumen\\Application->callControllerCallable(Array, Array)
#7 C:\\VideosApi\\vendor\\laravel\\lumen-framework\\src\\Concerns\\RoutesRequests.php(318): Laravel\\Lumen\\Application->callLumenController(Object(App\\Http\\Controllers\\VideoController), 'views', Array)
#8 C:\\VideosApi\\vendor\\laravel\\lumen-framework\\src\\Concerns\\RoutesRequests.php(280): Laravel\\Lumen\\Application->callControllerAction(Array)
#9 C:\\VideosApi\\vendor\\laravel\\lumen-framework\\src\\Concerns\\RoutesRequests.php(265): Laravel\\Lumen\\Application->callActionOnArrayBasedRoute(Array)
#10 C:\\VideosApi\\vendor\\laravel\\lumen-framework\\src\\Concerns\\RoutesRequests.php(235): Laravel\\Lumen\\Application->handleFoundRoute(Array)
#11 C:\\VideosApi\\vendor\\laravel\\lumen-framework\\src\\Concerns\\RoutesRequests.php(169): Laravel\\Lumen\\Application->handleDispatcherResponse(Array)
#12 C:\\VideosApi\\vendor\\laravel\\lumen-framework\\src\\Concerns\\RoutesRequests.php(418): Laravel\\Lumen\\Application->Laravel\\Lumen\\Concerns\\{closure}(Object(Laravel\\Lumen\\Http\\Request))
#13 C:\\VideosApi\\vendor\\laravel\\lumen-framework\\src\\Concerns\\RoutesRequests.php(171): Laravel\\Lumen\\Application->sendThroughPipeline(Array, Object(Closure))
#14 C:\\VideosApi\\vendor\\laravel\\lumen-framework\\src\\Concerns\\RoutesRequests.php(108): Laravel\\Lumen\\Application->dispatch(NULL)
#15 C:\\VideosApi\\public\\index.php(28): Laravel\\Lumen\\Application->run()
#16 {main}
"} 
