[2020-01-07 12:39:48] local.ERROR: Symfony\Component\Debug\Exception\FatalThrowableError: Argument 1 passed to App\Http\Controllers\VideoController::show() must be an instance of App\Http\Controllers\Video, string given in C:\LumenBooksApi\app\Http\Controllers\VideoController.php:19
Stack trace:
#0 [internal function]: App\Http\Controllers\VideoController->show('1')
#1 C:\LumenBooksApi\vendor\illuminate\container\BoundMethod.php(29): call_user_func_array(Array, Array)
#2 C:\LumenBooksApi\vendor\illuminate\container\BoundMethod.php(87): Illuminate\Container\BoundMethod::Illuminate\Container\{closure}()
#3 C:\LumenBooksApi\vendor\illuminate\container\BoundMethod.php(31): Illuminate\Container\BoundMethod::callBoundMethod(Object(Laravel\Lumen\Application), Array, Object(Closure))
#4 C:\LumenBooksApi\vendor\illuminate\container\Container.php(572): Illuminate\Container\BoundMethod::call(Object(Laravel\Lumen\Application), Array, Array, NULL)
#5 C:\LumenBooksApi\vendor\laravel\lumen-framework\src\Concerns\RoutesRequests.php(378): Illuminate\Container\Container->call(Array, Array)
#6 C:\LumenBooksApi\vendor\laravel\lumen-framework\src\Concerns\RoutesRequests.php(344): Laravel\Lumen\Application->callControllerCallable(Array, Array)
#7 C:\LumenBooksApi\vendor\laravel\lumen-framework\src\Concerns\RoutesRequests.php(318): Laravel\Lumen\Application->callLumenController(Object(App\Http\Controllers\VideoController), 'show', Array)
#8 C:\LumenBooksApi\vendor\laravel\lumen-framework\src\Concerns\RoutesRequests.php(280): Laravel\Lumen\Application->callControllerAction(Array)
#9 C:\LumenBooksApi\vendor\laravel\lumen-framework\src\Concerns\RoutesRequests.php(265): Laravel\Lumen\Application->callActionOnArrayBasedRoute(Array)
#10 C:\LumenBooksApi\vendor\laravel\lumen-framework\src\Concerns\RoutesRequests.php(235): Laravel\Lumen\Application->handleFoundRoute(Array)
#11 C:\LumenBooksApi\vendor\laravel\lumen-framework\src\Concerns\RoutesRequests.php(169): Laravel\Lumen\Application->handleDispatcherResponse(Array)
#12 C:\LumenBooksApi\vendor\laravel\lumen-framework\src\Concerns\RoutesRequests.php(418): Laravel\Lumen\Application->Laravel\Lumen\Concerns\{closure}(Object(Laravel\Lumen\Http\Request))
#13 C:\LumenBooksApi\vendor\laravel\lumen-framework\src\Concerns\RoutesRequests.php(171): Laravel\Lumen\Application->sendThroughPipeline(Array, Object(Closure))
#14 C:\LumenBooksApi\vendor\laravel\lumen-framework\src\Concerns\RoutesRequests.php(108): Laravel\Lumen\Application->dispatch(NULL)
#15 C:\LumenBooksApi\public\index.php(28): Laravel\Lumen\Application->run()
#16 {main} {"exception":"[object] (Symfony\\Component\\Debug\\Exception\\FatalThrowableError(code: 0): Argument 1 passed to App\\Http\\Controllers\\VideoController::show() must be an instance of App\\Http\\Controllers\\Video, string given at C:\\LumenBooksApi\\app\\Http\\Controllers\\VideoController.php:19)
[stacktrace]
#0 [internal function]: App\\Http\\Controllers\\VideoController->show('1')
#1 C:\\LumenBooksApi\\vendor\\illuminate\\container\\BoundMethod.php(29): call_user_func_array(Array, Array)
#2 C:\\LumenBooksApi\\vendor\\illuminate\\container\\BoundMethod.php(87): Illuminate\\Container\\BoundMethod::Illuminate\\Container\\{closure}()
#3 C:\\LumenBooksApi\\vendor\\illuminate\\container\\BoundMethod.php(31): Illuminate\\Container\\BoundMethod::callBoundMethod(Object(Laravel\\Lumen\\Application), Array, Object(Closure))
#4 C:\\LumenBooksApi\\vendor\\illuminate\\container\\Container.php(572): Illuminate\\Container\\BoundMethod::call(Object(Laravel\\Lumen\\Application), Array, Array, NULL)
#5 C:\\LumenBooksApi\\vendor\\laravel\\lumen-framework\\src\\Concerns\\RoutesRequests.php(378): Illuminate\\Container\\Container->call(Array, Array)
#6 C:\\LumenBooksApi\\vendor\\laravel\\lumen-framework\\src\\Concerns\\RoutesRequests.php(344): Laravel\\Lumen\\Application->callControllerCallable(Array, Array)
#7 C:\\LumenBooksApi\\vendor\\laravel\\lumen-framework\\src\\Concerns\\RoutesRequests.php(318): Laravel\\Lumen\\Application->callLumenController(Object(App\\Http\\Controllers\\VideoController), 'show', Array)
#8 C:\\LumenBooksApi\\vendor\\laravel\\lumen-framework\\src\\Concerns\\RoutesRequests.php(280): Laravel\\Lumen\\Application->callControllerAction(Array)
#9 C:\\LumenBooksApi\\vendor\\laravel\\lumen-framework\\src\\Concerns\\RoutesRequests.php(265): Laravel\\Lumen\\Application->callActionOnArrayBasedRoute(Array)
#10 C:\\LumenBooksApi\\vendor\\laravel\\lumen-framework\\src\\Concerns\\RoutesRequests.php(235): Laravel\\Lumen\\Application->handleFoundRoute(Array)
#11 C:\\LumenBooksApi\\vendor\\laravel\\lumen-framework\\src\\Concerns\\RoutesRequests.php(169): Laravel\\Lumen\\Application->handleDispatcherResponse(Array)
#12 C:\\LumenBooksApi\\vendor\\laravel\\lumen-framework\\src\\Concerns\\RoutesRequests.php(418): Laravel\\Lumen\\Application->Laravel\\Lumen\\Concerns\\{closure}(Object(Laravel\\Lumen\\Http\\Request))
#13 C:\\LumenBooksApi\\vendor\\laravel\\lumen-framework\\src\\Concerns\\RoutesRequests.php(171): Laravel\\Lumen\\Application->sendThroughPipeline(Array, Object(Closure))
#14 C:\\LumenBooksApi\\vendor\\laravel\\lumen-framework\\src\\Concerns\\RoutesRequests.php(108): Laravel\\Lumen\\Application->dispatch(NULL)
#15 C:\\LumenBooksApi\\public\\index.php(28): Laravel\\Lumen\\Application->run()
#16 {main}
"} 
[2020-01-07 12:40:35] local.ERROR: ReflectionException: Class App\Http\Controllers\Video does not exist in C:\LumenBooksApi\vendor\illuminate\container\BoundMethod.php:157
Stack trace:
#0 C:\LumenBooksApi\vendor\illuminate\container\BoundMethod.php(157): ReflectionParameter->getClass()
#1 C:\LumenBooksApi\vendor\illuminate\container\BoundMethod.php(116): Illuminate\Container\BoundMethod::addDependencyForCallParameter(Object(Laravel\Lumen\Application), Object(ReflectionParameter), Array, Array)
#2 C:\LumenBooksApi\vendor\illuminate\container\BoundMethod.php(29): Illuminate\Container\BoundMethod::getMethodDependencies(Object(Laravel\Lumen\Application), Array, Array)
#3 C:\LumenBooksApi\vendor\illuminate\container\BoundMethod.php(87): Illuminate\Container\BoundMethod::Illuminate\Container\{closure}()
#4 C:\LumenBooksApi\vendor\illuminate\container\BoundMethod.php(31): Illuminate\Container\BoundMethod::callBoundMethod(Object(Laravel\Lumen\Application), Array, Object(Closure))
#5 C:\LumenBooksApi\vendor\illuminate\container\Container.php(572): Illuminate\Container\BoundMethod::call(Object(Laravel\Lumen\Application), Array, Array, NULL)
#6 C:\LumenBooksApi\vendor\laravel\lumen-framework\src\Concerns\RoutesRequests.php(378): Illuminate\Container\Container->call(Array, Array)
#7 C:\LumenBooksApi\vendor\laravel\lumen-framework\src\Concerns\RoutesRequests.php(344): Laravel\Lumen\Application->callControllerCallable(Array, Array)
#8 C:\LumenBooksApi\vendor\laravel\lumen-framework\src\Concerns\RoutesRequests.php(318): Laravel\Lumen\Application->callLumenController(Object(App\Http\Controllers\VideoController), 'show', Array)
#9 C:\LumenBooksApi\vendor\laravel\lumen-framework\src\Concerns\RoutesRequests.php(280): Laravel\Lumen\Application->callControllerAction(Array)
#10 C:\LumenBooksApi\vendor\laravel\lumen-framework\src\Concerns\RoutesRequests.php(265): Laravel\Lumen\Application->callActionOnArrayBasedRoute(Array)
#11 C:\LumenBooksApi\vendor\laravel\lumen-framework\src\Concerns\RoutesRequests.php(165): Laravel\Lumen\Application->handleFoundRoute(Array)
#12 C:\LumenBooksApi\vendor\laravel\lumen-framework\src\Concerns\RoutesRequests.php(418): Laravel\Lumen\Application->Laravel\Lumen\Concerns\{closure}(Object(Laravel\Lumen\Http\Request))
#13 C:\LumenBooksApi\vendor\laravel\lumen-framework\src\Concerns\RoutesRequests.php(171): Laravel\Lumen\Application->sendThroughPipeline(Array, Object(Closure))
#14 C:\LumenBooksApi\vendor\laravel\lumen-framework\src\Concerns\RoutesRequests.php(108): Laravel\Lumen\Application->dispatch(NULL)
#15 C:\LumenBooksApi\public\index.php(28): Laravel\Lumen\Application->run()
#16 {main} {"exception":"[object] (ReflectionException(code: 0): Class App\\Http\\Controllers\\Video does not exist at C:\\LumenBooksApi\\vendor\\illuminate\\container\\BoundMethod.php:157)
[stacktrace]
#0 C:\\LumenBooksApi\\vendor\\illuminate\\container\\BoundMethod.php(157): ReflectionParameter->getClass()
#1 C:\\LumenBooksApi\\vendor\\illuminate\\container\\BoundMethod.php(116): Illuminate\\Container\\BoundMethod::addDependencyForCallParameter(Object(Laravel\\Lumen\\Application), Object(ReflectionParameter), Array, Array)
#2 C:\\LumenBooksApi\\vendor\\illuminate\\container\\BoundMethod.php(29): Illuminate\\Container\\BoundMethod::getMethodDependencies(Object(Laravel\\Lumen\\Application), Array, Array)
#3 C:\\LumenBooksApi\\vendor\\illuminate\\container\\BoundMethod.php(87): Illuminate\\Container\\BoundMethod::Illuminate\\Container\\{closure}()
#4 C:\\LumenBooksApi\\vendor\\illuminate\\container\\BoundMethod.php(31): Illuminate\\Container\\BoundMethod::callBoundMethod(Object(Laravel\\Lumen\\Application), Array, Object(Closure))
#5 C:\\LumenBooksApi\\vendor\\illuminate\\container\\Container.php(572): Illuminate\\Container\\BoundMethod::call(Object(Laravel\\Lumen\\Application), Array, Array, NULL)
#6 C:\\LumenBooksApi\\vendor\\laravel\\lumen-framework\\src\\Concerns\\RoutesRequests.php(378): Illuminate\\Container\\Container->call(Array, Array)
#7 C:\\LumenBooksApi\\vendor\\laravel\\lumen-framework\\src\\Concerns\\RoutesRequests.php(344): Laravel\\Lumen\\Application->callControllerCallable(Array, Array)
#8 C:\\LumenBooksApi\\vendor\\laravel\\lumen-framework\\src\\Concerns\\RoutesRequests.php(318): Laravel\\Lumen\\Application->callLumenController(Object(App\\Http\\Controllers\\VideoController), 'show', Array)
#9 C:\\LumenBooksApi\\vendor\\laravel\\lumen-framework\\src\\Concerns\\RoutesRequests.php(280): Laravel\\Lumen\\Application->callControllerAction(Array)
#10 C:\\LumenBooksApi\\vendor\\laravel\\lumen-framework\\src\\Concerns\\RoutesRequests.php(265): Laravel\\Lumen\\Application->callActionOnArrayBasedRoute(Array)
#11 C:\\LumenBooksApi\\vendor\\laravel\\lumen-framework\\src\\Concerns\\RoutesRequests.php(165): Laravel\\Lumen\\Application->handleFoundRoute(Array)
#12 C:\\LumenBooksApi\\vendor\\laravel\\lumen-framework\\src\\Concerns\\RoutesRequests.php(418): Laravel\\Lumen\\Application->Laravel\\Lumen\\Concerns\\{closure}(Object(Laravel\\Lumen\\Http\\Request))
#13 C:\\LumenBooksApi\\vendor\\laravel\\lumen-framework\\src\\Concerns\\RoutesRequests.php(171): Laravel\\Lumen\\Application->sendThroughPipeline(Array, Object(Closure))
#14 C:\\LumenBooksApi\\vendor\\laravel\\lumen-framework\\src\\Concerns\\RoutesRequests.php(108): Laravel\\Lumen\\Application->dispatch(NULL)
#15 C:\\LumenBooksApi\\public\\index.php(28): Laravel\\Lumen\\Application->run()
#16 {main}
"} 
[2020-01-07 12:41:04] local.ERROR: Symfony\Component\Debug\Exception\FatalThrowableError: Too few arguments to function App\Http\Controllers\VideoController::show(), 0 passed and exactly 1 expected in C:\LumenBooksApi\app\Http\Controllers\VideoController.php:19
Stack trace:
#0 [internal function]: App\Http\Controllers\VideoController->show()
#1 C:\LumenBooksApi\vendor\illuminate\container\BoundMethod.php(29): call_user_func_array(Array, Array)
#2 C:\LumenBooksApi\vendor\illuminate\container\BoundMethod.php(87): Illuminate\Container\BoundMethod::Illuminate\Container\{closure}()
#3 C:\LumenBooksApi\vendor\illuminate\container\BoundMethod.php(31): Illuminate\Container\BoundMethod::callBoundMethod(Object(Laravel\Lumen\Application), Array, Object(Closure))
#4 C:\LumenBooksApi\vendor\illuminate\container\Container.php(572): Illuminate\Container\BoundMethod::call(Object(Laravel\Lumen\Application), Array, Array, NULL)
#5 C:\LumenBooksApi\vendor\laravel\lumen-framework\src\Concerns\RoutesRequests.php(378): Illuminate\Container\Container->call(Array, Array)
#6 C:\LumenBooksApi\vendor\laravel\lumen-framework\src\Concerns\RoutesRequests.php(344): Laravel\Lumen\Application->callControllerCallable(Array, Array)
#7 C:\LumenBooksApi\vendor\laravel\lumen-framework\src\Concerns\RoutesRequests.php(318): Laravel\Lumen\Application->callLumenController(Object(App\Http\Controllers\VideoController), 'show', Array)
#8 C:\LumenBooksApi\vendor\laravel\lumen-framework\src\Concerns\RoutesRequests.php(280): Laravel\Lumen\Application->callControllerAction(Array)
#9 C:\LumenBooksApi\vendor\laravel\lumen-framework\src\Concerns\RoutesRequests.php(265): Laravel\Lumen\Application->callActionOnArrayBasedRoute(Array)
#10 C:\LumenBooksApi\vendor\laravel\lumen-framework\src\Concerns\RoutesRequests.php(165): Laravel\Lumen\Application->handleFoundRoute(Array)
#11 C:\LumenBooksApi\vendor\laravel\lumen-framework\src\Concerns\RoutesRequests.php(418): Laravel\Lumen\Application->Laravel\Lumen\Concerns\{closure}(Object(Laravel\Lumen\Http\Request))
#12 C:\LumenBooksApi\vendor\laravel\lumen-framework\src\Concerns\RoutesRequests.php(171): Laravel\Lumen\Application->sendThroughPipeline(Array, Object(Closure))
#13 C:\LumenBooksApi\vendor\laravel\lumen-framework\src\Concerns\RoutesRequests.php(108): Laravel\Lumen\Application->dispatch(NULL)
#14 C:\LumenBooksApi\public\index.php(28): Laravel\Lumen\Application->run()
#15 {main} {"exception":"[object] (Symfony\\Component\\Debug\\Exception\\FatalThrowableError(code: 0): Too few arguments to function App\\Http\\Controllers\\VideoController::show(), 0 passed and exactly 1 expected at C:\\LumenBooksApi\\app\\Http\\Controllers\\VideoController.php:19)
[stacktrace]
#0 [internal function]: App\\Http\\Controllers\\VideoController->show()
#1 C:\\LumenBooksApi\\vendor\\illuminate\\container\\BoundMethod.php(29): call_user_func_array(Array, Array)
#2 C:\\LumenBooksApi\\vendor\\illuminate\\container\\BoundMethod.php(87): Illuminate\\Container\\BoundMethod::Illuminate\\Container\\{closure}()
#3 C:\\LumenBooksApi\\vendor\\illuminate\\container\\BoundMethod.php(31): Illuminate\\Container\\BoundMethod::callBoundMethod(Object(Laravel\\Lumen\\Application), Array, Object(Closure))
#4 C:\\LumenBooksApi\\vendor\\illuminate\\container\\Container.php(572): Illuminate\\Container\\BoundMethod::call(Object(Laravel\\Lumen\\Application), Array, Array, NULL)
#5 C:\\LumenBooksApi\\vendor\\laravel\\lumen-framework\\src\\Concerns\\RoutesRequests.php(378): Illuminate\\Container\\Container->call(Array, Array)
#6 C:\\LumenBooksApi\\vendor\\laravel\\lumen-framework\\src\\Concerns\\RoutesRequests.php(344): Laravel\\Lumen\\Application->callControllerCallable(Array, Array)
#7 C:\\LumenBooksApi\\vendor\\laravel\\lumen-framework\\src\\Concerns\\RoutesRequests.php(318): Laravel\\Lumen\\Application->callLumenController(Object(App\\Http\\Controllers\\VideoController), 'show', Array)
#8 C:\\LumenBooksApi\\vendor\\laravel\\lumen-framework\\src\\Concerns\\RoutesRequests.php(280): Laravel\\Lumen\\Application->callControllerAction(Array)
#9 C:\\LumenBooksApi\\vendor\\laravel\\lumen-framework\\src\\Concerns\\RoutesRequests.php(265): Laravel\\Lumen\\Application->callActionOnArrayBasedRoute(Array)
#10 C:\\LumenBooksApi\\vendor\\laravel\\lumen-framework\\src\\Concerns\\RoutesRequests.php(165): Laravel\\Lumen\\Application->handleFoundRoute(Array)
#11 C:\\LumenBooksApi\\vendor\\laravel\\lumen-framework\\src\\Concerns\\RoutesRequests.php(418): Laravel\\Lumen\\Application->Laravel\\Lumen\\Concerns\\{closure}(Object(Laravel\\Lumen\\Http\\Request))
#12 C:\\LumenBooksApi\\vendor\\laravel\\lumen-framework\\src\\Concerns\\RoutesRequests.php(171): Laravel\\Lumen\\Application->sendThroughPipeline(Array, Object(Closure))
#13 C:\\LumenBooksApi\\vendor\\laravel\\lumen-framework\\src\\Concerns\\RoutesRequests.php(108): Laravel\\Lumen\\Application->dispatch(NULL)
#14 C:\\LumenBooksApi\\public\\index.php(28): Laravel\\Lumen\\Application->run()
#15 {main}
"} 
[2020-01-07 15:05:28] local.ERROR: Symfony\Component\Console\Exception\CommandNotFoundException: Command "migrate:fesh" is not defined.

Did you mean one of these?
    migrate
    migrate:fresh
    migrate:install
    migrate:refresh
    migrate:reset
    migrate:rollback
    migrate:status in C:\VideosApi\vendor\symfony\console\Application.php:670
Stack trace:
#0 C:\VideosApi\vendor\symfony\console\Application.php(236): Symfony\Component\Console\Application->find('migrate:fesh')
#1 C:\VideosApi\vendor\symfony\console\Application.php(148): Symfony\Component\Console\Application->doRun(Object(Symfony\Component\Console\Input\ArgvInput), Object(Symfony\Component\Console\Output\ConsoleOutput))
#2 C:\VideosApi\vendor\illuminate\console\Application.php(89): Symfony\Component\Console\Application->run(Object(Symfony\Component\Console\Input\ArgvInput), Object(Symfony\Component\Console\Output\ConsoleOutput))
#3 C:\VideosApi\vendor\laravel\lumen-framework\src\Console\Kernel.php(115): Illuminate\Console\Application->run(Object(Symfony\Component\Console\Input\ArgvInput), Object(Symfony\Component\Console\Output\ConsoleOutput))
#4 C:\VideosApi\artisan(35): Laravel\Lumen\Console\Kernel->handle(Object(Symfony\Component\Console\Input\ArgvInput), Object(Symfony\Component\Console\Output\ConsoleOutput))
#5 {main} {"exception":"[object] (Symfony\\Component\\Console\\Exception\\CommandNotFoundException(code: 0): Command \"migrate:fesh\" is not defined.

Did you mean one of these?
    migrate
    migrate:fresh
    migrate:install
    migrate:refresh
    migrate:reset
    migrate:rollback
    migrate:status at C:\\VideosApi\\vendor\\symfony\\console\\Application.php:670)
[stacktrace]
#0 C:\\VideosApi\\vendor\\symfony\\console\\Application.php(236): Symfony\\Component\\Console\\Application->find('migrate:fesh')
#1 C:\\VideosApi\\vendor\\symfony\\console\\Application.php(148): Symfony\\Component\\Console\\Application->doRun(Object(Symfony\\Component\\Console\\Input\\ArgvInput), Object(Symfony\\Component\\Console\\Output\\ConsoleOutput))
#2 C:\\VideosApi\\vendor\\illuminate\\console\\Application.php(89): Symfony\\Component\\Console\\Application->run(Object(Symfony\\Component\\Console\\Input\\ArgvInput), Object(Symfony\\Component\\Console\\Output\\ConsoleOutput))
#3 C:\\VideosApi\\vendor\\laravel\\lumen-framework\\src\\Console\\Kernel.php(115): Illuminate\\Console\\Application->run(Object(Symfony\\Component\\Console\\Input\\ArgvInput), Object(Symfony\\Component\\Console\\Output\\ConsoleOutput))
#4 C:\\VideosApi\\artisan(35): Laravel\\Lumen\\Console\\Kernel->handle(Object(Symfony\\Component\\Console\\Input\\ArgvInput), Object(Symfony\\Component\\Console\\Output\\ConsoleOutput))
#5 {main}
"} 
[2020-01-07 15:07:59] local.ERROR: ErrorException: scandir(C:\VideosApi\bootstrap/../config,C:\VideosApi\bootstrap/../config): The system cannot find the file specified. (code: 2) in C:\VideosApi\bootstrap\app.php:32
Stack trace:
#0 [internal function]: Laravel\Lumen\Application->Laravel\Lumen\Concerns\{closure}(2, 'scandir(C:\\Vide...', 'C:\\VideosApi\\bo...', 32, Array)
#1 C:\VideosApi\bootstrap\app.php(32): scandir('C:\\VideosApi\\bo...')
#2 C:\VideosApi\public\index.php(14): require('C:\\VideosApi\\bo...')
#3 {main} {"exception":"[object] (ErrorException(code: 0): scandir(C:\\VideosApi\\bootstrap/../config,C:\\VideosApi\\bootstrap/../config): The system cannot find the file specified. (code: 2) at C:\\VideosApi\\bootstrap\\app.php:32)
[stacktrace]
#0 [internal function]: Laravel\\Lumen\\Application->Laravel\\Lumen\\Concerns\\{closure}(2, 'scandir(C:\\\\Vide...', 'C:\\\\VideosApi\\\\bo...', 32, Array)
#1 C:\\VideosApi\\bootstrap\\app.php(32): scandir('C:\\\\VideosApi\\\\bo...')
#2 C:\\VideosApi\\public\\index.php(14): require('C:\\\\VideosApi\\\\bo...')
#3 {main}
"} 
[2020-01-07 15:11:29] local.ERROR: Symfony\Component\Debug\Exception\FatalThrowableError: Class 'App\Http\Controllers\Billing' not found in C:\VideosApi\app\Http\Controllers\VideoController.php:29
Stack trace:
#0 [internal function]: App\Http\Controllers\VideoController->index()
#1 C:\VideosApi\vendor\illuminate\container\BoundMethod.php(29): call_user_func_array(Array, Array)
#2 C:\VideosApi\vendor\illuminate\container\BoundMethod.php(87): Illuminate\Container\BoundMethod::Illuminate\Container\{closure}()
#3 C:\VideosApi\vendor\illuminate\container\BoundMethod.php(31): Illuminate\Container\BoundMethod::callBoundMethod(Object(Laravel\Lumen\Application), Array, Object(Closure))
#4 C:\VideosApi\vendor\illuminate\container\Container.php(572): Illuminate\Container\BoundMethod::call(Object(Laravel\Lumen\Application), Array, Array, NULL)
#5 C:\VideosApi\vendor\laravel\lumen-framework\src\Concerns\RoutesRequests.php(378): Illuminate\Container\Container->call(Array, Array)
#6 C:\VideosApi\vendor\laravel\lumen-framework\src\Concerns\RoutesRequests.php(344): Laravel\Lumen\Application->callControllerCallable(Array, Array)
#7 C:\VideosApi\vendor\laravel\lumen-framework\src\Concerns\RoutesRequests.php(318): Laravel\Lumen\Application->callLumenController(Object(App\Http\Controllers\VideoController), 'index', Array)
#8 C:\VideosApi\vendor\laravel\lumen-framework\src\Concerns\RoutesRequests.php(280): Laravel\Lumen\Application->callControllerAction(Array)
#9 C:\VideosApi\vendor\laravel\lumen-framework\src\Concerns\RoutesRequests.php(265): Laravel\Lumen\Application->callActionOnArrayBasedRoute(Array)
#10 C:\VideosApi\vendor\laravel\lumen-framework\src\Concerns\RoutesRequests.php(165): Laravel\Lumen\Application->handleFoundRoute(Array)
#11 C:\VideosApi\vendor\laravel\lumen-framework\src\Concerns\RoutesRequests.php(418): Laravel\Lumen\Application->Laravel\Lumen\Concerns\{closure}(Object(Laravel\Lumen\Http\Request))
#12 C:\VideosApi\vendor\laravel\lumen-framework\src\Concerns\RoutesRequests.php(171): Laravel\Lumen\Application->sendThroughPipeline(Array, Object(Closure))
#13 C:\VideosApi\vendor\laravel\lumen-framework\src\Concerns\RoutesRequests.php(108): Laravel\Lumen\Application->dispatch(NULL)
#14 C:\VideosApi\public\index.php(28): Laravel\Lumen\Application->run()
#15 {main} {"exception":"[object] (Symfony\\Component\\Debug\\Exception\\FatalThrowableError(code: 0): Class 'App\\Http\\Controllers\\Billing' not found at C:\\VideosApi\\app\\Http\\Controllers\\VideoController.php:29)
[stacktrace]
#0 [internal function]: App\\Http\\Controllers\\VideoController->index()
#1 C:\\VideosApi\\vendor\\illuminate\\container\\BoundMethod.php(29): call_user_func_array(Array, Array)
#2 C:\\VideosApi\\vendor\\illuminate\\container\\BoundMethod.php(87): Illuminate\\Container\\BoundMethod::Illuminate\\Container\\{closure}()
#3 C:\\VideosApi\\vendor\\illuminate\\container\\BoundMethod.php(31): Illuminate\\Container\\BoundMethod::callBoundMethod(Object(Laravel\\Lumen\\Application), Array, Object(Closure))
#4 C:\\VideosApi\\vendor\\illuminate\\container\\Container.php(572): Illuminate\\Container\\BoundMethod::call(Object(Laravel\\Lumen\\Application), Array, Array, NULL)
#5 C:\\VideosApi\\vendor\\laravel\\lumen-framework\\src\\Concerns\\RoutesRequests.php(378): Illuminate\\Container\\Container->call(Array, Array)
#6 C:\\VideosApi\\vendor\\laravel\\lumen-framework\\src\\Concerns\\RoutesRequests.php(344): Laravel\\Lumen\\Application->callControllerCallable(Array, Array)
#7 C:\\VideosApi\\vendor\\laravel\\lumen-framework\\src\\Concerns\\RoutesRequests.php(318): Laravel\\Lumen\\Application->callLumenController(Object(App\\Http\\Controllers\\VideoController), 'index', Array)
#8 C:\\VideosApi\\vendor\\laravel\\lumen-framework\\src\\Concerns\\RoutesRequests.php(280): Laravel\\Lumen\\Application->callControllerAction(Array)
#9 C:\\VideosApi\\vendor\\laravel\\lumen-framework\\src\\Concerns\\RoutesRequests.php(265): Laravel\\Lumen\\Application->callActionOnArrayBasedRoute(Array)
#10 C:\\VideosApi\\vendor\\laravel\\lumen-framework\\src\\Concerns\\RoutesRequests.php(165): Laravel\\Lumen\\Application->handleFoundRoute(Array)
#11 C:\\VideosApi\\vendor\\laravel\\lumen-framework\\src\\Concerns\\RoutesRequests.php(418): Laravel\\Lumen\\Application->Laravel\\Lumen\\Concerns\\{closure}(Object(Laravel\\Lumen\\Http\\Request))
#12 C:\\VideosApi\\vendor\\laravel\\lumen-framework\\src\\Concerns\\RoutesRequests.php(171): Laravel\\Lumen\\Application->sendThroughPipeline(Array, Object(Closure))
#13 C:\\VideosApi\\vendor\\laravel\\lumen-framework\\src\\Concerns\\RoutesRequests.php(108): Laravel\\Lumen\\Application->dispatch(NULL)
#14 C:\\VideosApi\\public\\index.php(28): Laravel\\Lumen\\Application->run()
#15 {main}
"} 
[2020-01-07 15:20:22] local.ERROR: ErrorException: Undefined variable: video in C:\VideosApi\app\Http\Controllers\VideoController.php:41
Stack trace:
#0 C:\VideosApi\app\Http\Controllers\VideoController.php(41): Laravel\Lumen\Application->Laravel\Lumen\Concerns\{closure}(8, 'Undefined varia...', 'C:\\VideosApi\\ap...', 41, Array)
#1 [internal function]: App\Http\Controllers\VideoController->store(Object(Laravel\Lumen\Http\Request))
#2 C:\VideosApi\vendor\illuminate\container\BoundMethod.php(29): call_user_func_array(Array, Array)
#3 C:\VideosApi\vendor\illuminate\container\BoundMethod.php(87): Illuminate\Container\BoundMethod::Illuminate\Container\{closure}()
#4 C:\VideosApi\vendor\illuminate\container\BoundMethod.php(31): Illuminate\Container\BoundMethod::callBoundMethod(Object(Laravel\Lumen\Application), Array, Object(Closure))
#5 C:\VideosApi\vendor\illuminate\container\Container.php(572): Illuminate\Container\BoundMethod::call(Object(Laravel\Lumen\Application), Array, Array, NULL)
#6 C:\VideosApi\vendor\laravel\lumen-framework\src\Concerns\RoutesRequests.php(378): Illuminate\Container\Container->call(Array, Array)
#7 C:\VideosApi\vendor\laravel\lumen-framework\src\Concerns\RoutesRequests.php(344): Laravel\Lumen\Application->callControllerCallable(Array, Array)
#8 C:\VideosApi\vendor\laravel\lumen-framework\src\Concerns\RoutesRequests.php(318): Laravel\Lumen\Application->callLumenController(Object(App\Http\Controllers\VideoController), 'store', Array)
#9 C:\VideosApi\vendor\laravel\lumen-framework\src\Concerns\RoutesRequests.php(280): Laravel\Lumen\Application->callControllerAction(Array)
#10 C:\VideosApi\vendor\laravel\lumen-framework\src\Concerns\RoutesRequests.php(265): Laravel\Lumen\Application->callActionOnArrayBasedRoute(Array)
#11 C:\VideosApi\vendor\laravel\lumen-framework\src\Concerns\RoutesRequests.php(165): Laravel\Lumen\Application->handleFoundRoute(Array)
#12 C:\VideosApi\vendor\laravel\lumen-framework\src\Concerns\RoutesRequests.php(418): Laravel\Lumen\Application->Laravel\Lumen\Concerns\{closure}(Object(Laravel\Lumen\Http\Request))
#13 C:\VideosApi\vendor\laravel\lumen-framework\src\Concerns\RoutesRequests.php(171): Laravel\Lumen\Application->sendThroughPipeline(Array, Object(Closure))
#14 C:\VideosApi\vendor\laravel\lumen-framework\src\Concerns\RoutesRequests.php(108): Laravel\Lumen\Application->dispatch(NULL)
#15 C:\VideosApi\public\index.php(28): Laravel\Lumen\Application->run()
#16 {main} {"exception":"[object] (ErrorException(code: 0): Undefined variable: video at C:\\VideosApi\\app\\Http\\Controllers\\VideoController.php:41)
[stacktrace]
#0 C:\\VideosApi\\app\\Http\\Controllers\\VideoController.php(41): Laravel\\Lumen\\Application->Laravel\\Lumen\\Concerns\\{closure}(8, 'Undefined varia...', 'C:\\\\VideosApi\\\\ap...', 41, Array)
#1 [internal function]: App\\Http\\Controllers\\VideoController->store(Object(Laravel\\Lumen\\Http\\Request))
#2 C:\\VideosApi\\vendor\\illuminate\\container\\BoundMethod.php(29): call_user_func_array(Array, Array)
#3 C:\\VideosApi\\vendor\\illuminate\\container\\BoundMethod.php(87): Illuminate\\Container\\BoundMethod::Illuminate\\Container\\{closure}()
#4 C:\\VideosApi\\vendor\\illuminate\\container\\BoundMethod.php(31): Illuminate\\Container\\BoundMethod::callBoundMethod(Object(Laravel\\Lumen\\Application), Array, Object(Closure))
#5 C:\\VideosApi\\vendor\\illuminate\\container\\Container.php(572): Illuminate\\Container\\BoundMethod::call(Object(Laravel\\Lumen\\Application), Array, Array, NULL)
#6 C:\\VideosApi\\vendor\\laravel\\lumen-framework\\src\\Concerns\\RoutesRequests.php(378): Illuminate\\Container\\Container->call(Array, Array)
#7 C:\\VideosApi\\vendor\\laravel\\lumen-framework\\src\\Concerns\\RoutesRequests.php(344): Laravel\\Lumen\\Application->callControllerCallable(Array, Array)
#8 C:\\VideosApi\\vendor\\laravel\\lumen-framework\\src\\Concerns\\RoutesRequests.php(318): Laravel\\Lumen\\Application->callLumenController(Object(App\\Http\\Controllers\\VideoController), 'store', Array)
#9 C:\\VideosApi\\vendor\\laravel\\lumen-framework\\src\\Concerns\\RoutesRequests.php(280): Laravel\\Lumen\\Application->callControllerAction(Array)
#10 C:\\VideosApi\\vendor\\laravel\\lumen-framework\\src\\Concerns\\RoutesRequests.php(265): Laravel\\Lumen\\Application->callActionOnArrayBasedRoute(Array)
#11 C:\\VideosApi\\vendor\\laravel\\lumen-framework\\src\\Concerns\\RoutesRequests.php(165): Laravel\\Lumen\\Application->handleFoundRoute(Array)
#12 C:\\VideosApi\\vendor\\laravel\\lumen-framework\\src\\Concerns\\RoutesRequests.php(418): Laravel\\Lumen\\Application->Laravel\\Lumen\\Concerns\\{closure}(Object(Laravel\\Lumen\\Http\\Request))
#13 C:\\VideosApi\\vendor\\laravel\\lumen-framework\\src\\Concerns\\RoutesRequests.php(171): Laravel\\Lumen\\Application->sendThroughPipeline(Array, Object(Closure))
#14 C:\\VideosApi\\vendor\\laravel\\lumen-framework\\src\\Concerns\\RoutesRequests.php(108): Laravel\\Lumen\\Application->dispatch(NULL)
#15 C:\\VideosApi\\public\\index.php(28): Laravel\\Lumen\\Application->run()
#16 {main}
"} 
[2020-01-07 15:20:59] local.ERROR: Symfony\Component\Debug\Exception\FatalThrowableError: Call to a member function where() on string in C:\VideosApi\app\Http\Controllers\VideoController.php:60
Stack trace:
#0 [internal function]: App\Http\Controllers\VideoController->show('1')
#1 C:\VideosApi\vendor\illuminate\container\BoundMethod.php(29): call_user_func_array(Array, Array)
#2 C:\VideosApi\vendor\illuminate\container\BoundMethod.php(87): Illuminate\Container\BoundMethod::Illuminate\Container\{closure}()
#3 C:\VideosApi\vendor\illuminate\container\BoundMethod.php(31): Illuminate\Container\BoundMethod::callBoundMethod(Object(Laravel\Lumen\Application), Array, Object(Closure))
#4 C:\VideosApi\vendor\illuminate\container\Container.php(572): Illuminate\Container\BoundMethod::call(Object(Laravel\Lumen\Application), Array, Array, NULL)
#5 C:\VideosApi\vendor\laravel\lumen-framework\src\Concerns\RoutesRequests.php(378): Illuminate\Container\Container->call(Array, Array)
#6 C:\VideosApi\vendor\laravel\lumen-framework\src\Concerns\RoutesRequests.php(344): Laravel\Lumen\Application->callControllerCallable(Array, Array)
#7 C:\VideosApi\vendor\laravel\lumen-framework\src\Concerns\RoutesRequests.php(318): Laravel\Lumen\Application->callLumenController(Object(App\Http\Controllers\VideoController), 'show', Array)
#8 C:\VideosApi\vendor\laravel\lumen-framework\src\Concerns\RoutesRequests.php(280): Laravel\Lumen\Application->callControllerAction(Array)
#9 C:\VideosApi\vendor\laravel\lumen-framework\src\Concerns\RoutesRequests.php(265): Laravel\Lumen\Application->callActionOnArrayBasedRoute(Array)
#10 C:\VideosApi\vendor\laravel\lumen-framework\src\Concerns\RoutesRequests.php(235): Laravel\Lumen\Application->handleFoundRoute(Array)
#11 C:\VideosApi\vendor\laravel\lumen-framework\src\Concerns\RoutesRequests.php(169): Laravel\Lumen\Application->handleDispatcherResponse(Array)
#12 C:\VideosApi\vendor\laravel\lumen-framework\src\Concerns\RoutesRequests.php(418): Laravel\Lumen\Application->Laravel\Lumen\Concerns\{closure}(Object(Laravel\Lumen\Http\Request))
#13 C:\VideosApi\vendor\laravel\lumen-framework\src\Concerns\RoutesRequests.php(171): Laravel\Lumen\Application->sendThroughPipeline(Array, Object(Closure))
#14 C:\VideosApi\vendor\laravel\lumen-framework\src\Concerns\RoutesRequests.php(108): Laravel\Lumen\Application->dispatch(NULL)
#15 C:\VideosApi\public\index.php(28): Laravel\Lumen\Application->run()
#16 {main} {"exception":"[object] (Symfony\\Component\\Debug\\Exception\\FatalThrowableError(code: 0): Call to a member function where() on string at C:\\VideosApi\\app\\Http\\Controllers\\VideoController.php:60)
[stacktrace]
#0 [internal function]: App\\Http\\Controllers\\VideoController->show('1')
#1 C:\\VideosApi\\vendor\\illuminate\\container\\BoundMethod.php(29): call_user_func_array(Array, Array)
#2 C:\\VideosApi\\vendor\\illuminate\\container\\BoundMethod.php(87): Illuminate\\Container\\BoundMethod::Illuminate\\Container\\{closure}()
#3 C:\\VideosApi\\vendor\\illuminate\\container\\BoundMethod.php(31): Illuminate\\Container\\BoundMethod::callBoundMethod(Object(Laravel\\Lumen\\Application), Array, Object(Closure))
#4 C:\\VideosApi\\vendor\\illuminate\\container\\Container.php(572): Illuminate\\Container\\BoundMethod::call(Object(Laravel\\Lumen\\Application), Array, Array, NULL)
#5 C:\\VideosApi\\vendor\\laravel\\lumen-framework\\src\\Concerns\\RoutesRequests.php(378): Illuminate\\Container\\Container->call(Array, Array)
#6 C:\\VideosApi\\vendor\\laravel\\lumen-framework\\src\\Concerns\\RoutesRequests.php(344): Laravel\\Lumen\\Application->callControllerCallable(Array, Array)
#7 C:\\VideosApi\\vendor\\laravel\\lumen-framework\\src\\Concerns\\RoutesRequests.php(318): Laravel\\Lumen\\Application->callLumenController(Object(App\\Http\\Controllers\\VideoController), 'show', Array)
#8 C:\\VideosApi\\vendor\\laravel\\lumen-framework\\src\\Concerns\\RoutesRequests.php(280): Laravel\\Lumen\\Application->callControllerAction(Array)
#9 C:\\VideosApi\\vendor\\laravel\\lumen-framework\\src\\Concerns\\RoutesRequests.php(265): Laravel\\Lumen\\Application->callActionOnArrayBasedRoute(Array)
#10 C:\\VideosApi\\vendor\\laravel\\lumen-framework\\src\\Concerns\\RoutesRequests.php(235): Laravel\\Lumen\\Application->handleFoundRoute(Array)
#11 C:\\VideosApi\\vendor\\laravel\\lumen-framework\\src\\Concerns\\RoutesRequests.php(169): Laravel\\Lumen\\Application->handleDispatcherResponse(Array)
#12 C:\\VideosApi\\vendor\\laravel\\lumen-framework\\src\\Concerns\\RoutesRequests.php(418): Laravel\\Lumen\\Application->Laravel\\Lumen\\Concerns\\{closure}(Object(Laravel\\Lumen\\Http\\Request))
#13 C:\\VideosApi\\vendor\\laravel\\lumen-framework\\src\\Concerns\\RoutesRequests.php(171): Laravel\\Lumen\\Application->sendThroughPipeline(Array, Object(Closure))
#14 C:\\VideosApi\\vendor\\laravel\\lumen-framework\\src\\Concerns\\RoutesRequests.php(108): Laravel\\Lumen\\Application->dispatch(NULL)
#15 C:\\VideosApi\\public\\index.php(28): Laravel\\Lumen\\Application->run()
#16 {main}
"} 
[2020-01-07 15:21:16] local.ERROR: Symfony\Component\Debug\Exception\FatalThrowableError: Call to a member function where() on string in C:\VideosApi\app\Http\Controllers\VideoController.php:60
Stack trace:
#0 [internal function]: App\Http\Controllers\VideoController->show('1')
#1 C:\VideosApi\vendor\illuminate\container\BoundMethod.php(29): call_user_func_array(Array, Array)
#2 C:\VideosApi\vendor\illuminate\container\BoundMethod.php(87): Illuminate\Container\BoundMethod::Illuminate\Container\{closure}()
#3 C:\VideosApi\vendor\illuminate\container\BoundMethod.php(31): Illuminate\Container\BoundMethod::callBoundMethod(Object(Laravel\Lumen\Application), Array, Object(Closure))
#4 C:\VideosApi\vendor\illuminate\container\Container.php(572): Illuminate\Container\BoundMethod::call(Object(Laravel\Lumen\Application), Array, Array, NULL)
#5 C:\VideosApi\vendor\laravel\lumen-framework\src\Concerns\RoutesRequests.php(378): Illuminate\Container\Container->call(Array, Array)
#6 C:\VideosApi\vendor\laravel\lumen-framework\src\Concerns\RoutesRequests.php(344): Laravel\Lumen\Application->callControllerCallable(Array, Array)
#7 C:\VideosApi\vendor\laravel\lumen-framework\src\Concerns\RoutesRequests.php(318): Laravel\Lumen\Application->callLumenController(Object(App\Http\Controllers\VideoController), 'show', Array)
#8 C:\VideosApi\vendor\laravel\lumen-framework\src\Concerns\RoutesRequests.php(280): Laravel\Lumen\Application->callControllerAction(Array)
#9 C:\VideosApi\vendor\laravel\lumen-framework\src\Concerns\RoutesRequests.php(265): Laravel\Lumen\Application->callActionOnArrayBasedRoute(Array)
#10 C:\VideosApi\vendor\laravel\lumen-framework\src\Concerns\RoutesRequests.php(235): Laravel\Lumen\Application->handleFoundRoute(Array)
#11 C:\VideosApi\vendor\laravel\lumen-framework\src\Concerns\RoutesRequests.php(169): Laravel\Lumen\Application->handleDispatcherResponse(Array)
#12 C:\VideosApi\vendor\laravel\lumen-framework\src\Concerns\RoutesRequests.php(418): Laravel\Lumen\Application->Laravel\Lumen\Concerns\{closure}(Object(Laravel\Lumen\Http\Request))
#13 C:\VideosApi\vendor\laravel\lumen-framework\src\Concerns\RoutesRequests.php(171): Laravel\Lumen\Application->sendThroughPipeline(Array, Object(Closure))
#14 C:\VideosApi\vendor\laravel\lumen-framework\src\Concerns\RoutesRequests.php(108): Laravel\Lumen\Application->dispatch(NULL)
#15 C:\VideosApi\public\index.php(28): Laravel\Lumen\Application->run()
#16 {main} {"exception":"[object] (Symfony\\Component\\Debug\\Exception\\FatalThrowableError(code: 0): Call to a member function where() on string at C:\\VideosApi\\app\\Http\\Controllers\\VideoController.php:60)
[stacktrace]
#0 [internal function]: App\\Http\\Controllers\\VideoController->show('1')
#1 C:\\VideosApi\\vendor\\illuminate\\container\\BoundMethod.php(29): call_user_func_array(Array, Array)
#2 C:\\VideosApi\\vendor\\illuminate\\container\\BoundMethod.php(87): Illuminate\\Container\\BoundMethod::Illuminate\\Container\\{closure}()
#3 C:\\VideosApi\\vendor\\illuminate\\container\\BoundMethod.php(31): Illuminate\\Container\\BoundMethod::callBoundMethod(Object(Laravel\\Lumen\\Application), Array, Object(Closure))
#4 C:\\VideosApi\\vendor\\illuminate\\container\\Container.php(572): Illuminate\\Container\\BoundMethod::call(Object(Laravel\\Lumen\\Application), Array, Array, NULL)
#5 C:\\VideosApi\\vendor\\laravel\\lumen-framework\\src\\Concerns\\RoutesRequests.php(378): Illuminate\\Container\\Container->call(Array, Array)
#6 C:\\VideosApi\\vendor\\laravel\\lumen-framework\\src\\Concerns\\RoutesRequests.php(344): Laravel\\Lumen\\Application->callControllerCallable(Array, Array)
#7 C:\\VideosApi\\vendor\\laravel\\lumen-framework\\src\\Concerns\\RoutesRequests.php(318): Laravel\\Lumen\\Application->callLumenController(Object(App\\Http\\Controllers\\VideoController), 'show', Array)
#8 C:\\VideosApi\\vendor\\laravel\\lumen-framework\\src\\Concerns\\RoutesRequests.php(280): Laravel\\Lumen\\Application->callControllerAction(Array)
#9 C:\\VideosApi\\vendor\\laravel\\lumen-framework\\src\\Concerns\\RoutesRequests.php(265): Laravel\\Lumen\\Application->callActionOnArrayBasedRoute(Array)
#10 C:\\VideosApi\\vendor\\laravel\\lumen-framework\\src\\Concerns\\RoutesRequests.php(235): Laravel\\Lumen\\Application->handleFoundRoute(Array)
#11 C:\\VideosApi\\vendor\\laravel\\lumen-framework\\src\\Concerns\\RoutesRequests.php(169): Laravel\\Lumen\\Application->handleDispatcherResponse(Array)
#12 C:\\VideosApi\\vendor\\laravel\\lumen-framework\\src\\Concerns\\RoutesRequests.php(418): Laravel\\Lumen\\Application->Laravel\\Lumen\\Concerns\\{closure}(Object(Laravel\\Lumen\\Http\\Request))
#13 C:\\VideosApi\\vendor\\laravel\\lumen-framework\\src\\Concerns\\RoutesRequests.php(171): Laravel\\Lumen\\Application->sendThroughPipeline(Array, Object(Closure))
#14 C:\\VideosApi\\vendor\\laravel\\lumen-framework\\src\\Concerns\\RoutesRequests.php(108): Laravel\\Lumen\\Application->dispatch(NULL)
#15 C:\\VideosApi\\public\\index.php(28): Laravel\\Lumen\\Application->run()
#16 {main}
"} 
[2020-01-07 15:22:44] local.ERROR: Symfony\Component\Debug\Exception\FatalThrowableError: Call to a member function where() on string in C:\VideosApi\app\Http\Controllers\VideoController.php:60
Stack trace:
#0 [internal function]: App\Http\Controllers\VideoController->show('1')
#1 C:\VideosApi\vendor\illuminate\container\BoundMethod.php(29): call_user_func_array(Array, Array)
#2 C:\VideosApi\vendor\illuminate\container\BoundMethod.php(87): Illuminate\Container\BoundMethod::Illuminate\Container\{closure}()
#3 C:\VideosApi\vendor\illuminate\container\BoundMethod.php(31): Illuminate\Container\BoundMethod::callBoundMethod(Object(Laravel\Lumen\Application), Array, Object(Closure))
#4 C:\VideosApi\vendor\illuminate\container\Container.php(572): Illuminate\Container\BoundMethod::call(Object(Laravel\Lumen\Application), Array, Array, NULL)
#5 C:\VideosApi\vendor\laravel\lumen-framework\src\Concerns\RoutesRequests.php(378): Illuminate\Container\Container->call(Array, Array)
#6 C:\VideosApi\vendor\laravel\lumen-framework\src\Concerns\RoutesRequests.php(344): Laravel\Lumen\Application->callControllerCallable(Array, Array)
#7 C:\VideosApi\vendor\laravel\lumen-framework\src\Concerns\RoutesRequests.php(318): Laravel\Lumen\Application->callLumenController(Object(App\Http\Controllers\VideoController), 'show', Array)
#8 C:\VideosApi\vendor\laravel\lumen-framework\src\Concerns\RoutesRequests.php(280): Laravel\Lumen\Application->callControllerAction(Array)
#9 C:\VideosApi\vendor\laravel\lumen-framework\src\Concerns\RoutesRequests.php(265): Laravel\Lumen\Application->callActionOnArrayBasedRoute(Array)
#10 C:\VideosApi\vendor\laravel\lumen-framework\src\Concerns\RoutesRequests.php(235): Laravel\Lumen\Application->handleFoundRoute(Array)
#11 C:\VideosApi\vendor\laravel\lumen-framework\src\Concerns\RoutesRequests.php(169): Laravel\Lumen\Application->handleDispatcherResponse(Array)
#12 C:\VideosApi\vendor\laravel\lumen-framework\src\Concerns\RoutesRequests.php(418): Laravel\Lumen\Application->Laravel\Lumen\Concerns\{closure}(Object(Laravel\Lumen\Http\Request))
#13 C:\VideosApi\vendor\laravel\lumen-framework\src\Concerns\RoutesRequests.php(171): Laravel\Lumen\Application->sendThroughPipeline(Array, Object(Closure))
#14 C:\VideosApi\vendor\laravel\lumen-framework\src\Concerns\RoutesRequests.php(108): Laravel\Lumen\Application->dispatch(NULL)
#15 C:\VideosApi\public\index.php(28): Laravel\Lumen\Application->run()
#16 {main} {"exception":"[object] (Symfony\\Component\\Debug\\Exception\\FatalThrowableError(code: 0): Call to a member function where() on string at C:\\VideosApi\\app\\Http\\Controllers\\VideoController.php:60)
[stacktrace]
#0 [internal function]: App\\Http\\Controllers\\VideoController->show('1')
#1 C:\\VideosApi\\vendor\\illuminate\\container\\BoundMethod.php(29): call_user_func_array(Array, Array)
#2 C:\\VideosApi\\vendor\\illuminate\\container\\BoundMethod.php(87): Illuminate\\Container\\BoundMethod::Illuminate\\Container\\{closure}()
#3 C:\\VideosApi\\vendor\\illuminate\\container\\BoundMethod.php(31): Illuminate\\Container\\BoundMethod::callBoundMethod(Object(Laravel\\Lumen\\Application), Array, Object(Closure))
#4 C:\\VideosApi\\vendor\\illuminate\\container\\Container.php(572): Illuminate\\Container\\BoundMethod::call(Object(Laravel\\Lumen\\Application), Array, Array, NULL)
#5 C:\\VideosApi\\vendor\\laravel\\lumen-framework\\src\\Concerns\\RoutesRequests.php(378): Illuminate\\Container\\Container->call(Array, Array)
#6 C:\\VideosApi\\vendor\\laravel\\lumen-framework\\src\\Concerns\\RoutesRequests.php(344): Laravel\\Lumen\\Application->callControllerCallable(Array, Array)
#7 C:\\VideosApi\\vendor\\laravel\\lumen-framework\\src\\Concerns\\RoutesRequests.php(318): Laravel\\Lumen\\Application->callLumenController(Object(App\\Http\\Controllers\\VideoController), 'show', Array)
#8 C:\\VideosApi\\vendor\\laravel\\lumen-framework\\src\\Concerns\\RoutesRequests.php(280): Laravel\\Lumen\\Application->callControllerAction(Array)
#9 C:\\VideosApi\\vendor\\laravel\\lumen-framework\\src\\Concerns\\RoutesRequests.php(265): Laravel\\Lumen\\Application->callActionOnArrayBasedRoute(Array)
#10 C:\\VideosApi\\vendor\\laravel\\lumen-framework\\src\\Concerns\\RoutesRequests.php(235): Laravel\\Lumen\\Application->handleFoundRoute(Array)
#11 C:\\VideosApi\\vendor\\laravel\\lumen-framework\\src\\Concerns\\RoutesRequests.php(169): Laravel\\Lumen\\Application->handleDispatcherResponse(Array)
#12 C:\\VideosApi\\vendor\\laravel\\lumen-framework\\src\\Concerns\\RoutesRequests.php(418): Laravel\\Lumen\\Application->Laravel\\Lumen\\Concerns\\{closure}(Object(Laravel\\Lumen\\Http\\Request))
#13 C:\\VideosApi\\vendor\\laravel\\lumen-framework\\src\\Concerns\\RoutesRequests.php(171): Laravel\\Lumen\\Application->sendThroughPipeline(Array, Object(Closure))
#14 C:\\VideosApi\\vendor\\laravel\\lumen-framework\\src\\Concerns\\RoutesRequests.php(108): Laravel\\Lumen\\Application->dispatch(NULL)
#15 C:\\VideosApi\\public\\index.php(28): Laravel\\Lumen\\Application->run()
#16 {main}
"} 
[2020-01-07 17:01:54] local.ERROR: ErrorException: Undefined variable: video in C:\VideosApi\storage\framework\views\f64e50cd6da6c14d6c2ad3270a255be5f4741d2f.php:26
Stack trace:
#0 C:\VideosApi\storage\framework\views\f64e50cd6da6c14d6c2ad3270a255be5f4741d2f.php(26): Laravel\Lumen\Application->Laravel\Lumen\Concerns\{closure}(8, 'Undefined varia...', 'C:\\VideosApi\\st...', 26, Array)
#1 C:\VideosApi\vendor\illuminate\view\Engines\PhpEngine.php(43): include('C:\\VideosApi\\st...')
#2 C:\VideosApi\vendor\illuminate\view\Engines\CompilerEngine.php(59): Illuminate\View\Engines\PhpEngine->evaluatePath('C:\\VideosApi\\st...', Array)
#3 C:\VideosApi\vendor\illuminate\view\View.php(142): Illuminate\View\Engines\CompilerEngine->get('C:\\VideosApi\\re...', Array)
#4 C:\VideosApi\vendor\illuminate\view\View.php(125): Illuminate\View\View->getContents()
#5 C:\VideosApi\vendor\illuminate\view\View.php(90): Illuminate\View\View->renderContents()
#6 C:\VideosApi\vendor\illuminate\http\Response.php(42): Illuminate\View\View->render()
#7 C:\VideosApi\vendor\symfony\http-foundation\Response.php(202): Illuminate\Http\Response->setContent(Object(Illuminate\View\View))
#8 C:\VideosApi\vendor\laravel\lumen-framework\src\Concerns\RoutesRequests.php(438): Symfony\Component\HttpFoundation\Response->__construct(Object(Illuminate\View\View))
#9 C:\VideosApi\vendor\laravel\lumen-framework\src\Concerns\RoutesRequests.php(291): Laravel\Lumen\Application->prepareResponse(Object(Illuminate\View\View))
#10 C:\VideosApi\vendor\laravel\lumen-framework\src\Concerns\RoutesRequests.php(265): Laravel\Lumen\Application->callActionOnArrayBasedRoute(Array)
#11 C:\VideosApi\vendor\laravel\lumen-framework\src\Concerns\RoutesRequests.php(165): Laravel\Lumen\Application->handleFoundRoute(Array)
#12 C:\VideosApi\vendor\laravel\lumen-framework\src\Concerns\RoutesRequests.php(418): Laravel\Lumen\Application->Laravel\Lumen\Concerns\{closure}(Object(Laravel\Lumen\Http\Request))
#13 C:\VideosApi\vendor\laravel\lumen-framework\src\Concerns\RoutesRequests.php(171): Laravel\Lumen\Application->sendThroughPipeline(Array, Object(Closure))
#14 C:\VideosApi\vendor\laravel\lumen-framework\src\Concerns\RoutesRequests.php(108): Laravel\Lumen\Application->dispatch(NULL)
#15 C:\VideosApi\public\index.php(28): Laravel\Lumen\Application->run()
#16 {main}

Next ErrorException: Undefined variable: video (View: C:\VideosApi\resources\views\video.blade.php) in C:\VideosApi\storage\framework\views\f64e50cd6da6c14d6c2ad3270a255be5f4741d2f.php:26
Stack trace:
#0 C:\VideosApi\vendor\illuminate\view\Engines\PhpEngine.php(45): Illuminate\View\Engines\CompilerEngine->handleViewException(Object(ErrorException), 1)
#1 C:\VideosApi\vendor\illuminate\view\Engines\CompilerEngine.php(59): Illuminate\View\Engines\PhpEngine->evaluatePath('C:\\VideosApi\\st...', Array)
#2 C:\VideosApi\vendor\illuminate\view\View.php(142): Illuminate\View\Engines\CompilerEngine->get('C:\\VideosApi\\re...', Array)
#3 C:\VideosApi\vendor\illuminate\view\View.php(125): Illuminate\View\View->getContents()
#4 C:\VideosApi\vendor\illuminate\view\View.php(90): Illuminate\View\View->renderContents()
#5 C:\VideosApi\vendor\illuminate\http\Response.php(42): Illuminate\View\View->render()
#6 C:\VideosApi\vendor\symfony\http-foundation\Response.php(202): Illuminate\Http\Response->setContent(Object(Illuminate\View\View))
#7 C:\VideosApi\vendor\laravel\lumen-framework\src\Concerns\RoutesRequests.php(438): Symfony\Component\HttpFoundation\Response->__construct(Object(Illuminate\View\View))
#8 C:\VideosApi\vendor\laravel\lumen-framework\src\Concerns\RoutesRequests.php(291): Laravel\Lumen\Application->prepareResponse(Object(Illuminate\View\View))
#9 C:\VideosApi\vendor\laravel\lumen-framework\src\Concerns\RoutesRequests.php(265): Laravel\Lumen\Application->callActionOnArrayBasedRoute(Array)
#10 C:\VideosApi\vendor\laravel\lumen-framework\src\Concerns\RoutesRequests.php(165): Laravel\Lumen\Application->handleFoundRoute(Array)
#11 C:\VideosApi\vendor\laravel\lumen-framework\src\Concerns\RoutesRequests.php(418): Laravel\Lumen\Application->Laravel\Lumen\Concerns\{closure}(Object(Laravel\Lumen\Http\Request))
#12 C:\VideosApi\vendor\laravel\lumen-framework\src\Concerns\RoutesRequests.php(171): Laravel\Lumen\Application->sendThroughPipeline(Array, Object(Closure))
#13 C:\VideosApi\vendor\laravel\lumen-framework\src\Concerns\RoutesRequests.php(108): Laravel\Lumen\Application->dispatch(NULL)
#14 C:\VideosApi\public\index.php(28): Laravel\Lumen\Application->run()
#15 {main} {"exception":"[object] (ErrorException(code: 0): Undefined variable: video (View: C:\\VideosApi\esources\\views\\video.blade.php) at C:\\VideosApi\\storage\\framework\\views\\f64e50cd6da6c14d6c2ad3270a255be5f4741d2f.php:26, ErrorException(code: 0): Undefined variable: video at C:\\VideosApi\\storage\\framework\\views\\f64e50cd6da6c14d6c2ad3270a255be5f4741d2f.php:26)
[stacktrace]
#0 C:\\VideosApi\\vendor\\illuminate\\view\\Engines\\PhpEngine.php(45): Illuminate\\View\\Engines\\CompilerEngine->handleViewException(Object(ErrorException), 1)
#1 C:\\VideosApi\\vendor\\illuminate\\view\\Engines\\CompilerEngine.php(59): Illuminate\\View\\Engines\\PhpEngine->evaluatePath('C:\\\\VideosApi\\\\st...', Array)
#2 C:\\VideosApi\\vendor\\illuminate\\view\\View.php(142): Illuminate\\View\\Engines\\CompilerEngine->get('C:\\\\VideosApi\\\e...', Array)
#3 C:\\VideosApi\\vendor\\illuminate\\view\\View.php(125): Illuminate\\View\\View->getContents()
#4 C:\\VideosApi\\vendor\\illuminate\\view\\View.php(90): Illuminate\\View\\View->renderContents()
#5 C:\\VideosApi\\vendor\\illuminate\\http\\Response.php(42): Illuminate\\View\\View->render()
#6 C:\\VideosApi\\vendor\\symfony\\http-foundation\\Response.php(202): Illuminate\\Http\\Response->setContent(Object(Illuminate\\View\\View))
#7 C:\\VideosApi\\vendor\\laravel\\lumen-framework\\src\\Concerns\\RoutesRequests.php(438): Symfony\\Component\\HttpFoundation\\Response->__construct(Object(Illuminate\\View\\View))
#8 C:\\VideosApi\\vendor\\laravel\\lumen-framework\\src\\Concerns\\RoutesRequests.php(291): Laravel\\Lumen\\Application->prepareResponse(Object(Illuminate\\View\\View))
#9 C:\\VideosApi\\vendor\\laravel\\lumen-framework\\src\\Concerns\\RoutesRequests.php(265): Laravel\\Lumen\\Application->callActionOnArrayBasedRoute(Array)
#10 C:\\VideosApi\\vendor\\laravel\\lumen-framework\\src\\Concerns\\RoutesRequests.php(165): Laravel\\Lumen\\Application->handleFoundRoute(Array)
#11 C:\\VideosApi\\vendor\\laravel\\lumen-framework\\src\\Concerns\\RoutesRequests.php(418): Laravel\\Lumen\\Application->Laravel\\Lumen\\Concerns\\{closure}(Object(Laravel\\Lumen\\Http\\Request))
#12 C:\\VideosApi\\vendor\\laravel\\lumen-framework\\src\\Concerns\\RoutesRequests.php(171): Laravel\\Lumen\\Application->sendThroughPipeline(Array, Object(Closure))
#13 C:\\VideosApi\\vendor\\laravel\\lumen-framework\\src\\Concerns\\RoutesRequests.php(108): Laravel\\Lumen\\Application->dispatch(NULL)
#14 C:\\VideosApi\\public\\index.php(28): Laravel\\Lumen\\Application->run()
#15 {main}
"} 
[2020-01-07 18:52:41] local.ERROR: ErrorException: Undefined variable: video in C:\VideosApi\storage\framework\views\f64e50cd6da6c14d6c2ad3270a255be5f4741d2f.php:26
Stack trace:
#0 C:\VideosApi\storage\framework\views\f64e50cd6da6c14d6c2ad3270a255be5f4741d2f.php(26): Laravel\Lumen\Application->Laravel\Lumen\Concerns\{closure}(8, 'Undefined varia...', 'C:\\VideosApi\\st...', 26, Array)
#1 C:\VideosApi\vendor\illuminate\view\Engines\PhpEngine.php(43): include('C:\\VideosApi\\st...')
#2 C:\VideosApi\vendor\illuminate\view\Engines\CompilerEngine.php(59): Illuminate\View\Engines\PhpEngine->evaluatePath('C:\\VideosApi\\st...', Array)
#3 C:\VideosApi\vendor\illuminate\view\View.php(142): Illuminate\View\Engines\CompilerEngine->get('C:\\VideosApi\\re...', Array)
#4 C:\VideosApi\vendor\illuminate\view\View.php(125): Illuminate\View\View->getContents()
#5 C:\VideosApi\vendor\illuminate\view\View.php(90): Illuminate\View\View->renderContents()
#6 C:\VideosApi\vendor\illuminate\http\Response.php(42): Illuminate\View\View->render()
#7 C:\VideosApi\vendor\symfony\http-foundation\Response.php(202): Illuminate\Http\Response->setContent(Object(Illuminate\View\View))
#8 C:\VideosApi\vendor\laravel\lumen-framework\src\Concerns\RoutesRequests.php(438): Symfony\Component\HttpFoundation\Response->__construct(Object(Illuminate\View\View))
#9 C:\VideosApi\vendor\laravel\lumen-framework\src\Concerns\RoutesRequests.php(291): Laravel\Lumen\Application->prepareResponse(Object(Illuminate\View\View))
#10 C:\VideosApi\vendor\laravel\lumen-framework\src\Concerns\RoutesRequests.php(265): Laravel\Lumen\Application->callActionOnArrayBasedRoute(Array)
#11 C:\VideosApi\vendor\laravel\lumen-framework\src\Concerns\RoutesRequests.php(165): Laravel\Lumen\Application->handleFoundRoute(Array)
#12 C:\VideosApi\vendor\laravel\lumen-framework\src\Concerns\RoutesRequests.php(418): Laravel\Lumen\Application->Laravel\Lumen\Concerns\{closure}(Object(Laravel\Lumen\Http\Request))
#13 C:\VideosApi\vendor\laravel\lumen-framework\src\Concerns\RoutesRequests.php(171): Laravel\Lumen\Application->sendThroughPipeline(Array, Object(Closure))
#14 C:\VideosApi\vendor\laravel\lumen-framework\src\Concerns\RoutesRequests.php(108): Laravel\Lumen\Application->dispatch(NULL)
#15 C:\VideosApi\public\index.php(28): Laravel\Lumen\Application->run()
#16 {main}

Next ErrorException: Undefined variable: video (View: C:\VideosApi\resources\views\video.blade.php) in C:\VideosApi\storage\framework\views\f64e50cd6da6c14d6c2ad3270a255be5f4741d2f.php:26
Stack trace:
#0 C:\VideosApi\vendor\illuminate\view\Engines\PhpEngine.php(45): Illuminate\View\Engines\CompilerEngine->handleViewException(Object(ErrorException), 1)
#1 C:\VideosApi\vendor\illuminate\view\Engines\CompilerEngine.php(59): Illuminate\View\Engines\PhpEngine->evaluatePath('C:\\VideosApi\\st...', Array)
#2 C:\VideosApi\vendor\illuminate\view\View.php(142): Illuminate\View\Engines\CompilerEngine->get('C:\\VideosApi\\re...', Array)
#3 C:\VideosApi\vendor\illuminate\view\View.php(125): Illuminate\View\View->getContents()
#4 C:\VideosApi\vendor\illuminate\view\View.php(90): Illuminate\View\View->renderContents()
#5 C:\VideosApi\vendor\illuminate\http\Response.php(42): Illuminate\View\View->render()
#6 C:\VideosApi\vendor\symfony\http-foundation\Response.php(202): Illuminate\Http\Response->setContent(Object(Illuminate\View\View))
#7 C:\VideosApi\vendor\laravel\lumen-framework\src\Concerns\RoutesRequests.php(438): Symfony\Component\HttpFoundation\Response->__construct(Object(Illuminate\View\View))
#8 C:\VideosApi\vendor\laravel\lumen-framework\src\Concerns\RoutesRequests.php(291): Laravel\Lumen\Application->prepareResponse(Object(Illuminate\View\View))
#9 C:\VideosApi\vendor\laravel\lumen-framework\src\Concerns\RoutesRequests.php(265): Laravel\Lumen\Application->callActionOnArrayBasedRoute(Array)
#10 C:\VideosApi\vendor\laravel\lumen-framework\src\Concerns\RoutesRequests.php(165): Laravel\Lumen\Application->handleFoundRoute(Array)
#11 C:\VideosApi\vendor\laravel\lumen-framework\src\Concerns\RoutesRequests.php(418): Laravel\Lumen\Application->Laravel\Lumen\Concerns\{closure}(Object(Laravel\Lumen\Http\Request))
#12 C:\VideosApi\vendor\laravel\lumen-framework\src\Concerns\RoutesRequests.php(171): Laravel\Lumen\Application->sendThroughPipeline(Array, Object(Closure))
#13 C:\VideosApi\vendor\laravel\lumen-framework\src\Concerns\RoutesRequests.php(108): Laravel\Lumen\Application->dispatch(NULL)
#14 C:\VideosApi\public\index.php(28): Laravel\Lumen\Application->run()
#15 {main} {"exception":"[object] (ErrorException(code: 0): Undefined variable: video (View: C:\\VideosApi\esources\\views\\video.blade.php) at C:\\VideosApi\\storage\\framework\\views\\f64e50cd6da6c14d6c2ad3270a255be5f4741d2f.php:26, ErrorException(code: 0): Undefined variable: video at C:\\VideosApi\\storage\\framework\\views\\f64e50cd6da6c14d6c2ad3270a255be5f4741d2f.php:26)
[stacktrace]
#0 C:\\VideosApi\\vendor\\illuminate\\view\\Engines\\PhpEngine.php(45): Illuminate\\View\\Engines\\CompilerEngine->handleViewException(Object(ErrorException), 1)
#1 C:\\VideosApi\\vendor\\illuminate\\view\\Engines\\CompilerEngine.php(59): Illuminate\\View\\Engines\\PhpEngine->evaluatePath('C:\\\\VideosApi\\\\st...', Array)
#2 C:\\VideosApi\\vendor\\illuminate\\view\\View.php(142): Illuminate\\View\\Engines\\CompilerEngine->get('C:\\\\VideosApi\\\e...', Array)
#3 C:\\VideosApi\\vendor\\illuminate\\view\\View.php(125): Illuminate\\View\\View->getContents()
#4 C:\\VideosApi\\vendor\\illuminate\\view\\View.php(90): Illuminate\\View\\View->renderContents()
#5 C:\\VideosApi\\vendor\\illuminate\\http\\Response.php(42): Illuminate\\View\\View->render()
#6 C:\\VideosApi\\vendor\\symfony\\http-foundation\\Response.php(202): Illuminate\\Http\\Response->setContent(Object(Illuminate\\View\\View))
#7 C:\\VideosApi\\vendor\\laravel\\lumen-framework\\src\\Concerns\\RoutesRequests.php(438): Symfony\\Component\\HttpFoundation\\Response->__construct(Object(Illuminate\\View\\View))
#8 C:\\VideosApi\\vendor\\laravel\\lumen-framework\\src\\Concerns\\RoutesRequests.php(291): Laravel\\Lumen\\Application->prepareResponse(Object(Illuminate\\View\\View))
#9 C:\\VideosApi\\vendor\\laravel\\lumen-framework\\src\\Concerns\\RoutesRequests.php(265): Laravel\\Lumen\\Application->callActionOnArrayBasedRoute(Array)
#10 C:\\VideosApi\\vendor\\laravel\\lumen-framework\\src\\Concerns\\RoutesRequests.php(165): Laravel\\Lumen\\Application->handleFoundRoute(Array)
#11 C:\\VideosApi\\vendor\\laravel\\lumen-framework\\src\\Concerns\\RoutesRequests.php(418): Laravel\\Lumen\\Application->Laravel\\Lumen\\Concerns\\{closure}(Object(Laravel\\Lumen\\Http\\Request))
#12 C:\\VideosApi\\vendor\\laravel\\lumen-framework\\src\\Concerns\\RoutesRequests.php(171): Laravel\\Lumen\\Application->sendThroughPipeline(Array, Object(Closure))
#13 C:\\VideosApi\\vendor\\laravel\\lumen-framework\\src\\Concerns\\RoutesRequests.php(108): Laravel\\Lumen\\Application->dispatch(NULL)
#14 C:\\VideosApi\\public\\index.php(28): Laravel\\Lumen\\Application->run()
#15 {main}
"} 
[2020-01-07 18:57:23] local.ERROR: ErrorException: Undefined variable: video in C:\VideosApi\storage\framework\views\f64e50cd6da6c14d6c2ad3270a255be5f4741d2f.php:26
Stack trace:
#0 C:\VideosApi\storage\framework\views\f64e50cd6da6c14d6c2ad3270a255be5f4741d2f.php(26): Laravel\Lumen\Application->Laravel\Lumen\Concerns\{closure}(8, 'Undefined varia...', 'C:\\VideosApi\\st...', 26, Array)
#1 C:\VideosApi\vendor\illuminate\view\Engines\PhpEngine.php(43): include('C:\\VideosApi\\st...')
#2 C:\VideosApi\vendor\illuminate\view\Engines\CompilerEngine.php(59): Illuminate\View\Engines\PhpEngine->evaluatePath('C:\\VideosApi\\st...', Array)
#3 C:\VideosApi\vendor\illuminate\view\View.php(142): Illuminate\View\Engines\CompilerEngine->get('C:\\VideosApi\\re...', Array)
#4 C:\VideosApi\vendor\illuminate\view\View.php(125): Illuminate\View\View->getContents()
#5 C:\VideosApi\vendor\illuminate\view\View.php(90): Illuminate\View\View->renderContents()
#6 C:\VideosApi\vendor\illuminate\http\Response.php(42): Illuminate\View\View->render()
#7 C:\VideosApi\vendor\symfony\http-foundation\Response.php(202): Illuminate\Http\Response->setContent(Object(Illuminate\View\View))
#8 C:\VideosApi\vendor\laravel\lumen-framework\src\Concerns\RoutesRequests.php(438): Symfony\Component\HttpFoundation\Response->__construct(Object(Illuminate\View\View))
#9 C:\VideosApi\vendor\laravel\lumen-framework\src\Concerns\RoutesRequests.php(291): Laravel\Lumen\Application->prepareResponse(Object(Illuminate\View\View))
#10 C:\VideosApi\vendor\laravel\lumen-framework\src\Concerns\RoutesRequests.php(265): Laravel\Lumen\Application->callActionOnArrayBasedRoute(Array)
#11 C:\VideosApi\vendor\laravel\lumen-framework\src\Concerns\RoutesRequests.php(165): Laravel\Lumen\Application->handleFoundRoute(Array)
#12 C:\VideosApi\vendor\laravel\lumen-framework\src\Concerns\RoutesRequests.php(418): Laravel\Lumen\Application->Laravel\Lumen\Concerns\{closure}(Object(Laravel\Lumen\Http\Request))
#13 C:\VideosApi\vendor\laravel\lumen-framework\src\Concerns\RoutesRequests.php(171): Laravel\Lumen\Application->sendThroughPipeline(Array, Object(Closure))
#14 C:\VideosApi\vendor\laravel\lumen-framework\src\Concerns\RoutesRequests.php(108): Laravel\Lumen\Application->dispatch(NULL)
#15 C:\VideosApi\public\index.php(28): Laravel\Lumen\Application->run()
#16 {main}

Next ErrorException: Undefined variable: video (View: C:\VideosApi\resources\views\video.blade.php) in C:\VideosApi\storage\framework\views\f64e50cd6da6c14d6c2ad3270a255be5f4741d2f.php:26
Stack trace:
#0 C:\VideosApi\vendor\illuminate\view\Engines\PhpEngine.php(45): Illuminate\View\Engines\CompilerEngine->handleViewException(Object(ErrorException), 1)
#1 C:\VideosApi\vendor\illuminate\view\Engines\CompilerEngine.php(59): Illuminate\View\Engines\PhpEngine->evaluatePath('C:\\VideosApi\\st...', Array)
#2 C:\VideosApi\vendor\illuminate\view\View.php(142): Illuminate\View\Engines\CompilerEngine->get('C:\\VideosApi\\re...', Array)
#3 C:\VideosApi\vendor\illuminate\view\View.php(125): Illuminate\View\View->getContents()
#4 C:\VideosApi\vendor\illuminate\view\View.php(90): Illuminate\View\View->renderContents()
#5 C:\VideosApi\vendor\illuminate\http\Response.php(42): Illuminate\View\View->render()
#6 C:\VideosApi\vendor\symfony\http-foundation\Response.php(202): Illuminate\Http\Response->setContent(Object(Illuminate\View\View))
#7 C:\VideosApi\vendor\laravel\lumen-framework\src\Concerns\RoutesRequests.php(438): Symfony\Component\HttpFoundation\Response->__construct(Object(Illuminate\View\View))
#8 C:\VideosApi\vendor\laravel\lumen-framework\src\Concerns\RoutesRequests.php(291): Laravel\Lumen\Application->prepareResponse(Object(Illuminate\View\View))
#9 C:\VideosApi\vendor\laravel\lumen-framework\src\Concerns\RoutesRequests.php(265): Laravel\Lumen\Application->callActionOnArrayBasedRoute(Array)
#10 C:\VideosApi\vendor\laravel\lumen-framework\src\Concerns\RoutesRequests.php(165): Laravel\Lumen\Application->handleFoundRoute(Array)
#11 C:\VideosApi\vendor\laravel\lumen-framework\src\Concerns\RoutesRequests.php(418): Laravel\Lumen\Application->Laravel\Lumen\Concerns\{closure}(Object(Laravel\Lumen\Http\Request))
#12 C:\VideosApi\vendor\laravel\lumen-framework\src\Concerns\RoutesRequests.php(171): Laravel\Lumen\Application->sendThroughPipeline(Array, Object(Closure))
#13 C:\VideosApi\vendor\laravel\lumen-framework\src\Concerns\RoutesRequests.php(108): Laravel\Lumen\Application->dispatch(NULL)
#14 C:\VideosApi\public\index.php(28): Laravel\Lumen\Application->run()
#15 {main} {"exception":"[object] (ErrorException(code: 0): Undefined variable: video (View: C:\\VideosApi\esources\\views\\video.blade.php) at C:\\VideosApi\\storage\\framework\\views\\f64e50cd6da6c14d6c2ad3270a255be5f4741d2f.php:26, ErrorException(code: 0): Undefined variable: video at C:\\VideosApi\\storage\\framework\\views\\f64e50cd6da6c14d6c2ad3270a255be5f4741d2f.php:26)
[stacktrace]
#0 C:\\VideosApi\\vendor\\illuminate\\view\\Engines\\PhpEngine.php(45): Illuminate\\View\\Engines\\CompilerEngine->handleViewException(Object(ErrorException), 1)
#1 C:\\VideosApi\\vendor\\illuminate\\view\\Engines\\CompilerEngine.php(59): Illuminate\\View\\Engines\\PhpEngine->evaluatePath('C:\\\\VideosApi\\\\st...', Array)
#2 C:\\VideosApi\\vendor\\illuminate\\view\\View.php(142): Illuminate\\View\\Engines\\CompilerEngine->get('C:\\\\VideosApi\\\e...', Array)
#3 C:\\VideosApi\\vendor\\illuminate\\view\\View.php(125): Illuminate\\View\\View->getContents()
#4 C:\\VideosApi\\vendor\\illuminate\\view\\View.php(90): Illuminate\\View\\View->renderContents()
#5 C:\\VideosApi\\vendor\\illuminate\\http\\Response.php(42): Illuminate\\View\\View->render()
#6 C:\\VideosApi\\vendor\\symfony\\http-foundation\\Response.php(202): Illuminate\\Http\\Response->setContent(Object(Illuminate\\View\\View))
#7 C:\\VideosApi\\vendor\\laravel\\lumen-framework\\src\\Concerns\\RoutesRequests.php(438): Symfony\\Component\\HttpFoundation\\Response->__construct(Object(Illuminate\\View\\View))
#8 C:\\VideosApi\\vendor\\laravel\\lumen-framework\\src\\Concerns\\RoutesRequests.php(291): Laravel\\Lumen\\Application->prepareResponse(Object(Illuminate\\View\\View))
#9 C:\\VideosApi\\vendor\\laravel\\lumen-framework\\src\\Concerns\\RoutesRequests.php(265): Laravel\\Lumen\\Application->callActionOnArrayBasedRoute(Array)
#10 C:\\VideosApi\\vendor\\laravel\\lumen-framework\\src\\Concerns\\RoutesRequests.php(165): Laravel\\Lumen\\Application->handleFoundRoute(Array)
#11 C:\\VideosApi\\vendor\\laravel\\lumen-framework\\src\\Concerns\\RoutesRequests.php(418): Laravel\\Lumen\\Application->Laravel\\Lumen\\Concerns\\{closure}(Object(Laravel\\Lumen\\Http\\Request))
#12 C:\\VideosApi\\vendor\\laravel\\lumen-framework\\src\\Concerns\\RoutesRequests.php(171): Laravel\\Lumen\\Application->sendThroughPipeline(Array, Object(Closure))
#13 C:\\VideosApi\\vendor\\laravel\\lumen-framework\\src\\Concerns\\RoutesRequests.php(108): Laravel\\Lumen\\Application->dispatch(NULL)
#14 C:\\VideosApi\\public\\index.php(28): Laravel\\Lumen\\Application->run()
#15 {main}
"} 
[2020-01-07 19:21:57] local.ERROR: ErrorException: Undefined variable: video in C:\VideosApi\storage\framework\views\f64e50cd6da6c14d6c2ad3270a255be5f4741d2f.php:26
Stack trace:
#0 C:\VideosApi\storage\framework\views\f64e50cd6da6c14d6c2ad3270a255be5f4741d2f.php(26): Laravel\Lumen\Application->Laravel\Lumen\Concerns\{closure}(8, 'Undefined varia...', 'C:\\VideosApi\\st...', 26, Array)
#1 C:\VideosApi\vendor\illuminate\view\Engines\PhpEngine.php(43): include('C:\\VideosApi\\st...')
#2 C:\VideosApi\vendor\illuminate\view\Engines\CompilerEngine.php(59): Illuminate\View\Engines\PhpEngine->evaluatePath('C:\\VideosApi\\st...', Array)
#3 C:\VideosApi\vendor\illuminate\view\View.php(142): Illuminate\View\Engines\CompilerEngine->get('C:\\VideosApi\\re...', Array)
#4 C:\VideosApi\vendor\illuminate\view\View.php(125): Illuminate\View\View->getContents()
#5 C:\VideosApi\vendor\illuminate\view\View.php(90): Illuminate\View\View->renderContents()
#6 C:\VideosApi\vendor\illuminate\http\Response.php(42): Illuminate\View\View->render()
#7 C:\VideosApi\vendor\symfony\http-foundation\Response.php(202): Illuminate\Http\Response->setContent(Object(Illuminate\View\View))
#8 C:\VideosApi\vendor\laravel\lumen-framework\src\Concerns\RoutesRequests.php(438): Symfony\Component\HttpFoundation\Response->__construct(Object(Illuminate\View\View))
#9 C:\VideosApi\vendor\laravel\lumen-framework\src\Concerns\RoutesRequests.php(291): Laravel\Lumen\Application->prepareResponse(Object(Illuminate\View\View))
#10 C:\VideosApi\vendor\laravel\lumen-framework\src\Concerns\RoutesRequests.php(265): Laravel\Lumen\Application->callActionOnArrayBasedRoute(Array)
#11 C:\VideosApi\vendor\laravel\lumen-framework\src\Concerns\RoutesRequests.php(165): Laravel\Lumen\Application->handleFoundRoute(Array)
#12 C:\VideosApi\vendor\laravel\lumen-framework\src\Concerns\RoutesRequests.php(418): Laravel\Lumen\Application->Laravel\Lumen\Concerns\{closure}(Object(Laravel\Lumen\Http\Request))
#13 C:\VideosApi\vendor\laravel\lumen-framework\src\Concerns\RoutesRequests.php(171): Laravel\Lumen\Application->sendThroughPipeline(Array, Object(Closure))
#14 C:\VideosApi\vendor\laravel\lumen-framework\src\Concerns\RoutesRequests.php(108): Laravel\Lumen\Application->dispatch(NULL)
#15 C:\VideosApi\public\index.php(28): Laravel\Lumen\Application->run()
#16 {main}

Next ErrorException: Undefined variable: video (View: C:\VideosApi\resources\views\video.blade.php) in C:\VideosApi\storage\framework\views\f64e50cd6da6c14d6c2ad3270a255be5f4741d2f.php:26
Stack trace:
#0 C:\VideosApi\vendor\illuminate\view\Engines\PhpEngine.php(45): Illuminate\View\Engines\CompilerEngine->handleViewException(Object(ErrorException), 1)
#1 C:\VideosApi\vendor\illuminate\view\Engines\CompilerEngine.php(59): Illuminate\View\Engines\PhpEngine->evaluatePath('C:\\VideosApi\\st...', Array)
#2 C:\VideosApi\vendor\illuminate\view\View.php(142): Illuminate\View\Engines\CompilerEngine->get('C:\\VideosApi\\re...', Array)
#3 C:\VideosApi\vendor\illuminate\view\View.php(125): Illuminate\View\View->getContents()
#4 C:\VideosApi\vendor\illuminate\view\View.php(90): Illuminate\View\View->renderContents()
#5 C:\VideosApi\vendor\illuminate\http\Response.php(42): Illuminate\View\View->render()
#6 C:\VideosApi\vendor\symfony\http-foundation\Response.php(202): Illuminate\Http\Response->setContent(Object(Illuminate\View\View))
#7 C:\VideosApi\vendor\laravel\lumen-framework\src\Concerns\RoutesRequests.php(438): Symfony\Component\HttpFoundation\Response->__construct(Object(Illuminate\View\View))
#8 C:\VideosApi\vendor\laravel\lumen-framework\src\Concerns\RoutesRequests.php(291): Laravel\Lumen\Application->prepareResponse(Object(Illuminate\View\View))
#9 C:\VideosApi\vendor\laravel\lumen-framework\src\Concerns\RoutesRequests.php(265): Laravel\Lumen\Application->callActionOnArrayBasedRoute(Array)
#10 C:\VideosApi\vendor\laravel\lumen-framework\src\Concerns\RoutesRequests.php(165): Laravel\Lumen\Application->handleFoundRoute(Array)
#11 C:\VideosApi\vendor\laravel\lumen-framework\src\Concerns\RoutesRequests.php(418): Laravel\Lumen\Application->Laravel\Lumen\Concerns\{closure}(Object(Laravel\Lumen\Http\Request))
#12 C:\VideosApi\vendor\laravel\lumen-framework\src\Concerns\RoutesRequests.php(171): Laravel\Lumen\Application->sendThroughPipeline(Array, Object(Closure))
#13 C:\VideosApi\vendor\laravel\lumen-framework\src\Concerns\RoutesRequests.php(108): Laravel\Lumen\Application->dispatch(NULL)
#14 C:\VideosApi\public\index.php(28): Laravel\Lumen\Application->run()
#15 {main} {"exception":"[object] (ErrorException(code: 0): Undefined variable: video (View: C:\\VideosApi\esources\\views\\video.blade.php) at C:\\VideosApi\\storage\\framework\\views\\f64e50cd6da6c14d6c2ad3270a255be5f4741d2f.php:26, ErrorException(code: 0): Undefined variable: video at C:\\VideosApi\\storage\\framework\\views\\f64e50cd6da6c14d6c2ad3270a255be5f4741d2f.php:26)
[stacktrace]
#0 C:\\VideosApi\\vendor\\illuminate\\view\\Engines\\PhpEngine.php(45): Illuminate\\View\\Engines\\CompilerEngine->handleViewException(Object(ErrorException), 1)
#1 C:\\VideosApi\\vendor\\illuminate\\view\\Engines\\CompilerEngine.php(59): Illuminate\\View\\Engines\\PhpEngine->evaluatePath('C:\\\\VideosApi\\\\st...', Array)
#2 C:\\VideosApi\\vendor\\illuminate\\view\\View.php(142): Illuminate\\View\\Engines\\CompilerEngine->get('C:\\\\VideosApi\\\e...', Array)
#3 C:\\VideosApi\\vendor\\illuminate\\view\\View.php(125): Illuminate\\View\\View->getContents()
#4 C:\\VideosApi\\vendor\\illuminate\\view\\View.php(90): Illuminate\\View\\View->renderContents()
#5 C:\\VideosApi\\vendor\\illuminate\\http\\Response.php(42): Illuminate\\View\\View->render()
#6 C:\\VideosApi\\vendor\\symfony\\http-foundation\\Response.php(202): Illuminate\\Http\\Response->setContent(Object(Illuminate\\View\\View))
#7 C:\\VideosApi\\vendor\\laravel\\lumen-framework\\src\\Concerns\\RoutesRequests.php(438): Symfony\\Component\\HttpFoundation\\Response->__construct(Object(Illuminate\\View\\View))
#8 C:\\VideosApi\\vendor\\laravel\\lumen-framework\\src\\Concerns\\RoutesRequests.php(291): Laravel\\Lumen\\Application->prepareResponse(Object(Illuminate\\View\\View))
#9 C:\\VideosApi\\vendor\\laravel\\lumen-framework\\src\\Concerns\\RoutesRequests.php(265): Laravel\\Lumen\\Application->callActionOnArrayBasedRoute(Array)
#10 C:\\VideosApi\\vendor\\laravel\\lumen-framework\\src\\Concerns\\RoutesRequests.php(165): Laravel\\Lumen\\Application->handleFoundRoute(Array)
#11 C:\\VideosApi\\vendor\\laravel\\lumen-framework\\src\\Concerns\\RoutesRequests.php(418): Laravel\\Lumen\\Application->Laravel\\Lumen\\Concerns\\{closure}(Object(Laravel\\Lumen\\Http\\Request))
#12 C:\\VideosApi\\vendor\\laravel\\lumen-framework\\src\\Concerns\\RoutesRequests.php(171): Laravel\\Lumen\\Application->sendThroughPipeline(Array, Object(Closure))
#13 C:\\VideosApi\\vendor\\laravel\\lumen-framework\\src\\Concerns\\RoutesRequests.php(108): Laravel\\Lumen\\Application->dispatch(NULL)
#14 C:\\VideosApi\\public\\index.php(28): Laravel\\Lumen\\Application->run()
#15 {main}
"} 
[2020-01-07 19:29:50] local.ERROR: ErrorException: Undefined variable: video in C:\VideosApi\storage\framework\views\f64e50cd6da6c14d6c2ad3270a255be5f4741d2f.php:26
Stack trace:
#0 C:\VideosApi\storage\framework\views\f64e50cd6da6c14d6c2ad3270a255be5f4741d2f.php(26): Laravel\Lumen\Application->Laravel\Lumen\Concerns\{closure}(8, 'Undefined varia...', 'C:\\VideosApi\\st...', 26, Array)
#1 C:\VideosApi\vendor\illuminate\view\Engines\PhpEngine.php(43): include('C:\\VideosApi\\st...')
#2 C:\VideosApi\vendor\illuminate\view\Engines\CompilerEngine.php(59): Illuminate\View\Engines\PhpEngine->evaluatePath('C:\\VideosApi\\st...', Array)
#3 C:\VideosApi\vendor\illuminate\view\View.php(142): Illuminate\View\Engines\CompilerEngine->get('C:\\VideosApi\\re...', Array)
#4 C:\VideosApi\vendor\illuminate\view\View.php(125): Illuminate\View\View->getContents()
#5 C:\VideosApi\vendor\illuminate\view\View.php(90): Illuminate\View\View->renderContents()
#6 C:\VideosApi\vendor\illuminate\http\Response.php(42): Illuminate\View\View->render()
#7 C:\VideosApi\vendor\symfony\http-foundation\Response.php(202): Illuminate\Http\Response->setContent(Object(Illuminate\View\View))
#8 C:\VideosApi\vendor\laravel\lumen-framework\src\Concerns\RoutesRequests.php(438): Symfony\Component\HttpFoundation\Response->__construct(Object(Illuminate\View\View))
#9 C:\VideosApi\vendor\laravel\lumen-framework\src\Concerns\RoutesRequests.php(291): Laravel\Lumen\Application->prepareResponse(Object(Illuminate\View\View))
#10 C:\VideosApi\vendor\laravel\lumen-framework\src\Concerns\RoutesRequests.php(265): Laravel\Lumen\Application->callActionOnArrayBasedRoute(Array)
#11 C:\VideosApi\vendor\laravel\lumen-framework\src\Concerns\RoutesRequests.php(165): Laravel\Lumen\Application->handleFoundRoute(Array)
#12 C:\VideosApi\vendor\laravel\lumen-framework\src\Concerns\RoutesRequests.php(418): Laravel\Lumen\Application->Laravel\Lumen\Concerns\{closure}(Object(Laravel\Lumen\Http\Request))
#13 C:\VideosApi\vendor\laravel\lumen-framework\src\Concerns\RoutesRequests.php(171): Laravel\Lumen\Application->sendThroughPipeline(Array, Object(Closure))
#14 C:\VideosApi\vendor\laravel\lumen-framework\src\Concerns\RoutesRequests.php(108): Laravel\Lumen\Application->dispatch(NULL)
#15 C:\VideosApi\public\index.php(28): Laravel\Lumen\Application->run()
#16 {main}

Next ErrorException: Undefined variable: video (View: C:\VideosApi\resources\views\video.blade.php) in C:\VideosApi\storage\framework\views\f64e50cd6da6c14d6c2ad3270a255be5f4741d2f.php:26
Stack trace:
#0 C:\VideosApi\vendor\illuminate\view\Engines\PhpEngine.php(45): Illuminate\View\Engines\CompilerEngine->handleViewException(Object(ErrorException), 1)
#1 C:\VideosApi\vendor\illuminate\view\Engines\CompilerEngine.php(59): Illuminate\View\Engines\PhpEngine->evaluatePath('C:\\VideosApi\\st...', Array)
#2 C:\VideosApi\vendor\illuminate\view\View.php(142): Illuminate\View\Engines\CompilerEngine->get('C:\\VideosApi\\re...', Array)
#3 C:\VideosApi\vendor\illuminate\view\View.php(125): Illuminate\View\View->getContents()
#4 C:\VideosApi\vendor\illuminate\view\View.php(90): Illuminate\View\View->renderContents()
#5 C:\VideosApi\vendor\illuminate\http\Response.php(42): Illuminate\View\View->render()
#6 C:\VideosApi\vendor\symfony\http-foundation\Response.php(202): Illuminate\Http\Response->setContent(Object(Illuminate\View\View))
#7 C:\VideosApi\vendor\laravel\lumen-framework\src\Concerns\RoutesRequests.php(438): Symfony\Component\HttpFoundation\Response->__construct(Object(Illuminate\View\View))
#8 C:\VideosApi\vendor\laravel\lumen-framework\src\Concerns\RoutesRequests.php(291): Laravel\Lumen\Application->prepareResponse(Object(Illuminate\View\View))
#9 C:\VideosApi\vendor\laravel\lumen-framework\src\Concerns\RoutesRequests.php(265): Laravel\Lumen\Application->callActionOnArrayBasedRoute(Array)
#10 C:\VideosApi\vendor\laravel\lumen-framework\src\Concerns\RoutesRequests.php(165): Laravel\Lumen\Application->handleFoundRoute(Array)
#11 C:\VideosApi\vendor\laravel\lumen-framework\src\Concerns\RoutesRequests.php(418): Laravel\Lumen\Application->Laravel\Lumen\Concerns\{closure}(Object(Laravel\Lumen\Http\Request))
#12 C:\VideosApi\vendor\laravel\lumen-framework\src\Concerns\RoutesRequests.php(171): Laravel\Lumen\Application->sendThroughPipeline(Array, Object(Closure))
#13 C:\VideosApi\vendor\laravel\lumen-framework\src\Concerns\RoutesRequests.php(108): Laravel\Lumen\Application->dispatch(NULL)
#14 C:\VideosApi\public\index.php(28): Laravel\Lumen\Application->run()
#15 {main} {"exception":"[object] (ErrorException(code: 0): Undefined variable: video (View: C:\\VideosApi\esources\\views\\video.blade.php) at C:\\VideosApi\\storage\\framework\\views\\f64e50cd6da6c14d6c2ad3270a255be5f4741d2f.php:26, ErrorException(code: 0): Undefined variable: video at C:\\VideosApi\\storage\\framework\\views\\f64e50cd6da6c14d6c2ad3270a255be5f4741d2f.php:26)
[stacktrace]
#0 C:\\VideosApi\\vendor\\illuminate\\view\\Engines\\PhpEngine.php(45): Illuminate\\View\\Engines\\CompilerEngine->handleViewException(Object(ErrorException), 1)
#1 C:\\VideosApi\\vendor\\illuminate\\view\\Engines\\CompilerEngine.php(59): Illuminate\\View\\Engines\\PhpEngine->evaluatePath('C:\\\\VideosApi\\\\st...', Array)
#2 C:\\VideosApi\\vendor\\illuminate\\view\\View.php(142): Illuminate\\View\\Engines\\CompilerEngine->get('C:\\\\VideosApi\\\e...', Array)
#3 C:\\VideosApi\\vendor\\illuminate\\view\\View.php(125): Illuminate\\View\\View->getContents()
#4 C:\\VideosApi\\vendor\\illuminate\\view\\View.php(90): Illuminate\\View\\View->renderContents()
#5 C:\\VideosApi\\vendor\\illuminate\\http\\Response.php(42): Illuminate\\View\\View->render()
#6 C:\\VideosApi\\vendor\\symfony\\http-foundation\\Response.php(202): Illuminate\\Http\\Response->setContent(Object(Illuminate\\View\\View))
#7 C:\\VideosApi\\vendor\\laravel\\lumen-framework\\src\\Concerns\\RoutesRequests.php(438): Symfony\\Component\\HttpFoundation\\Response->__construct(Object(Illuminate\\View\\View))
#8 C:\\VideosApi\\vendor\\laravel\\lumen-framework\\src\\Concerns\\RoutesRequests.php(291): Laravel\\Lumen\\Application->prepareResponse(Object(Illuminate\\View\\View))
#9 C:\\VideosApi\\vendor\\laravel\\lumen-framework\\src\\Concerns\\RoutesRequests.php(265): Laravel\\Lumen\\Application->callActionOnArrayBasedRoute(Array)
#10 C:\\VideosApi\\vendor\\laravel\\lumen-framework\\src\\Concerns\\RoutesRequests.php(165): Laravel\\Lumen\\Application->handleFoundRoute(Array)
#11 C:\\VideosApi\\vendor\\laravel\\lumen-framework\\src\\Concerns\\RoutesRequests.php(418): Laravel\\Lumen\\Application->Laravel\\Lumen\\Concerns\\{closure}(Object(Laravel\\Lumen\\Http\\Request))
#12 C:\\VideosApi\\vendor\\laravel\\lumen-framework\\src\\Concerns\\RoutesRequests.php(171): Laravel\\Lumen\\Application->sendThroughPipeline(Array, Object(Closure))
#13 C:\\VideosApi\\vendor\\laravel\\lumen-framework\\src\\Concerns\\RoutesRequests.php(108): Laravel\\Lumen\\Application->dispatch(NULL)
#14 C:\\VideosApi\\public\\index.php(28): Laravel\\Lumen\\Application->run()
#15 {main}
"} 
